Analysis & Synthesis report for SLAVE
Sun Dec 02 07:00:51 2018
Quartus II 64-Bit Version 13.1.0 Build 162 10/23/2013 SJ Web Edition


---------------------
; Table of Contents ;
---------------------
  1. Legal Notice
  2. Analysis & Synthesis Summary
  3. Analysis & Synthesis Settings
  4. Parallel Compilation
  5. Analysis & Synthesis Source Files Read
  6. Analysis & Synthesis Resource Usage Summary
  7. Analysis & Synthesis Resource Utilization by Entity
  8. State Machine - |SLAVE|STM_SLAVE:U_STM_SLAVE|state
  9. Registers Protected by Synthesis
 10. User-Specified and Inferred Latches
 11. Registers Removed During Synthesis
 12. General Register Statistics
 13. Multiplexer Restructuring Statistics (Restructuring Performed)
 14. Source assignments for STM_SLAVE:U_STM_SLAVE
 15. Parameter Settings for User Entity Instance: Top-level Entity: |SLAVE
 16. Parameter Settings for User Entity Instance: STM_SLAVE:U_STM_SLAVE
 17. Port Connectivity Checks: "DET_FRAME:U_DET_FRAME|DET_BORDA:SDA_I2C"
 18. Port Connectivity Checks: "DET_FRAME:U_DET_FRAME|DET_BORDA:SCL_I2C"
 19. Elapsed Time Per Partition
 20. Analysis & Synthesis Messages



----------------
; Legal Notice ;
----------------
Copyright (C) 1991-2013 Altera Corporation
Your use of Altera Corporation's design tools, logic functions 
and other software and tools, and its AMPP partner logic 
functions, and any output files from any of the foregoing 
(including device programming or simulation files), and any 
associated documentation or information are expressly subject 
to the terms and conditions of the Altera Program License 
Subscription Agreement, Altera MegaCore Function License 
Agreement, or other applicable license agreement, including, 
without limitation, that your use is for the sole purpose of 
programming logic devices manufactured by Altera and sold by 
Altera or its authorized distributors.  Please refer to the 
applicable agreement for further details.



+---------------------------------------------------------------------------------+
; Analysis & Synthesis Summary                                                    ;
+------------------------------------+--------------------------------------------+
; Analysis & Synthesis Status        ; Successful - Sun Dec 02 07:00:51 2018      ;
; Quartus II 64-Bit Version          ; 13.1.0 Build 162 10/23/2013 SJ Web Edition ;
; Revision Name                      ; SLAVE                                      ;
; Top-level Entity Name              ; SLAVE                                      ;
; Family                             ; Cyclone III                                ;
; Total logic elements               ; 84                                         ;
;     Total combinational functions  ; 47                                         ;
;     Dedicated logic registers      ; 49                                         ;
; Total registers                    ; 49                                         ;
; Total pins                         ; 13                                         ;
; Total virtual pins                 ; 0                                          ;
; Total memory bits                  ; 0                                          ;
; Embedded Multiplier 9-bit elements ; 0                                          ;
; Total PLLs                         ; 0                                          ;
+------------------------------------+--------------------------------------------+


+----------------------------------------------------------------------------------------------------------------------+
; Analysis & Synthesis Settings                                                                                        ;
+----------------------------------------------------------------------------+--------------------+--------------------+
; Option                                                                     ; Setting            ; Default Value      ;
+----------------------------------------------------------------------------+--------------------+--------------------+
; Device                                                                     ; EP3C16F484C6       ;                    ;
; Top-level entity name                                                      ; SLAVE              ; SLAVE              ;
; Family name                                                                ; Cyclone III        ; Cyclone IV GX      ;
; Use smart compilation                                                      ; Off                ; Off                ;
; Enable parallel Assembler and TimeQuest Timing Analyzer during compilation ; On                 ; On                 ;
; Enable compact report table                                                ; Off                ; Off                ;
; Restructure Multiplexers                                                   ; Auto               ; Auto               ;
; Create Debugging Nodes for IP Cores                                        ; Off                ; Off                ;
; Preserve fewer node names                                                  ; On                 ; On                 ;
; Disable OpenCore Plus hardware evaluation                                  ; Off                ; Off                ;
; Verilog Version                                                            ; Verilog_2001       ; Verilog_2001       ;
; VHDL Version                                                               ; VHDL_1993          ; VHDL_1993          ;
; State Machine Processing                                                   ; Auto               ; Auto               ;
; Safe State Machine                                                         ; Off                ; Off                ;
; Extract Verilog State Machines                                             ; On                 ; On                 ;
; Extract VHDL State Machines                                                ; On                 ; On                 ;
; Ignore Verilog initial constructs                                          ; Off                ; Off                ;
; Iteration limit for constant Verilog loops                                 ; 5000               ; 5000               ;
; Iteration limit for non-constant Verilog loops                             ; 250                ; 250                ;
; Add Pass-Through Logic to Inferred RAMs                                    ; On                 ; On                 ;
; Infer RAMs from Raw Logic                                                  ; On                 ; On                 ;
; Parallel Synthesis                                                         ; On                 ; On                 ;
; DSP Block Balancing                                                        ; Auto               ; Auto               ;
; NOT Gate Push-Back                                                         ; On                 ; On                 ;
; Power-Up Don't Care                                                        ; On                 ; On                 ;
; Remove Redundant Logic Cells                                               ; Off                ; Off                ;
; Remove Duplicate Registers                                                 ; On                 ; On                 ;
; Ignore CARRY Buffers                                                       ; Off                ; Off                ;
; Ignore CASCADE Buffers                                                     ; Off                ; Off                ;
; Ignore GLOBAL Buffers                                                      ; Off                ; Off                ;
; Ignore ROW GLOBAL Buffers                                                  ; Off                ; Off                ;
; Ignore LCELL Buffers                                                       ; Off                ; Off                ;
; Ignore SOFT Buffers                                                        ; On                 ; On                 ;
; Limit AHDL Integers to 32 Bits                                             ; Off                ; Off                ;
; Optimization Technique                                                     ; Balanced           ; Balanced           ;
; Carry Chain Length                                                         ; 70                 ; 70                 ;
; Auto Carry Chains                                                          ; On                 ; On                 ;
; Auto Open-Drain Pins                                                       ; On                 ; On                 ;
; Perform WYSIWYG Primitive Resynthesis                                      ; Off                ; Off                ;
; Auto ROM Replacement                                                       ; On                 ; On                 ;
; Auto RAM Replacement                                                       ; On                 ; On                 ;
; Auto DSP Block Replacement                                                 ; On                 ; On                 ;
; Auto Shift Register Replacement                                            ; Auto               ; Auto               ;
; Allow Shift Register Merging across Hierarchies                            ; Auto               ; Auto               ;
; Auto Clock Enable Replacement                                              ; On                 ; On                 ;
; Strict RAM Replacement                                                     ; Off                ; Off                ;
; Allow Synchronous Control Signals                                          ; On                 ; On                 ;
; Force Use of Synchronous Clear Signals                                     ; Off                ; Off                ;
; Auto RAM Block Balancing                                                   ; On                 ; On                 ;
; Auto RAM to Logic Cell Conversion                                          ; Off                ; Off                ;
; Auto Resource Sharing                                                      ; Off                ; Off                ;
; Allow Any RAM Size For Recognition                                         ; Off                ; Off                ;
; Allow Any ROM Size For Recognition                                         ; Off                ; Off                ;
; Allow Any Shift Register Size For Recognition                              ; Off                ; Off                ;
; Use LogicLock Constraints during Resource Balancing                        ; On                 ; On                 ;
; Ignore translate_off and synthesis_off directives                          ; Off                ; Off                ;
; Timing-Driven Synthesis                                                    ; On                 ; On                 ;
; Report Parameter Settings                                                  ; On                 ; On                 ;
; Report Source Assignments                                                  ; On                 ; On                 ;
; Report Connectivity Checks                                                 ; On                 ; On                 ;
; Ignore Maximum Fan-Out Assignments                                         ; Off                ; Off                ;
; Synchronization Register Chain Length                                      ; 2                  ; 2                  ;
; PowerPlay Power Optimization                                               ; Normal compilation ; Normal compilation ;
; HDL message level                                                          ; Level2             ; Level2             ;
; Suppress Register Optimization Related Messages                            ; Off                ; Off                ;
; Number of Removed Registers Reported in Synthesis Report                   ; 5000               ; 5000               ;
; Number of Swept Nodes Reported in Synthesis Report                         ; 5000               ; 5000               ;
; Number of Inverted Registers Reported in Synthesis Report                  ; 100                ; 100                ;
; Clock MUX Protection                                                       ; On                 ; On                 ;
; Auto Gated Clock Conversion                                                ; Off                ; Off                ;
; Block Design Naming                                                        ; Auto               ; Auto               ;
; SDC constraint protection                                                  ; Off                ; Off                ;
; Synthesis Effort                                                           ; Auto               ; Auto               ;
; Shift Register Replacement - Allow Asynchronous Clear Signal               ; On                 ; On                 ;
; Pre-Mapping Resynthesis Optimization                                       ; Off                ; Off                ;
; Analysis & Synthesis Message Level                                         ; Medium             ; Medium             ;
; Disable Register Merging Across Hierarchies                                ; Auto               ; Auto               ;
; Resource Aware Inference For Block RAM                                     ; On                 ; On                 ;
; Synthesis Seed                                                             ; 1                  ; 1                  ;
+----------------------------------------------------------------------------+--------------------+--------------------+


+------------------------------------------+
; Parallel Compilation                     ;
+----------------------------+-------------+
; Processors                 ; Number      ;
+----------------------------+-------------+
; Number detected on machine ; 8           ;
; Maximum allowed            ; 4           ;
;                            ;             ;
; Average used               ; 1.00        ;
; Maximum used               ; 2           ;
;                            ;             ;
; Usage by Processor         ; % Time Used ;
;     Processor 1            ; 100.0%      ;
;     Processor 2            ; < 0.1%      ;
;     Processors 3-8         ;   0.0%      ;
+----------------------------+-------------+


+-------------------------------------------------------------------------------------------------------------------------------+
; Analysis & Synthesis Source Files Read                                                                                        ;
+----------------------------------+-----------------+-----------------+----------------------------------------------+---------+
; File Name with User-Entered Path ; Used in Netlist ; File Type       ; File Name with Absolute Path                 ; Library ;
+----------------------------------+-----------------+-----------------+----------------------------------------------+---------+
; DET_FRAME/DET_FRAME.vhd          ; yes             ; User VHDL File  ; D:/VHDL/T8/I2C/SLAVE/DET_FRAME/DET_FRAME.vhd ;         ;
; DET_FRAME/DET_BORDA.vhd          ; yes             ; User VHDL File  ; D:/VHDL/T8/I2C/SLAVE/DET_FRAME/DET_BORDA.vhd ;         ;
; S2P/S2P.vhd                      ; yes             ; User VHDL File  ; D:/VHDL/T8/I2C/SLAVE/S2P/S2P.vhd             ;         ;
; STM_SLAVE/STM_SLAVE.vhd          ; yes             ; User VHDL File  ; D:/VHDL/T8/I2C/SLAVE/STM_SLAVE/STM_SLAVE.vhd ;         ;
; SLAVE.vhd                        ; yes             ; User VHDL File  ; D:/VHDL/T8/I2C/SLAVE/SLAVE.vhd               ;         ;
+----------------------------------+-----------------+-----------------+----------------------------------------------+---------+


+-----------------------------------------------------------+
; Analysis & Synthesis Resource Usage Summary               ;
+---------------------------------------------+-------------+
; Resource                                    ; Usage       ;
+---------------------------------------------+-------------+
; Estimated Total logic elements              ; 84          ;
;                                             ;             ;
; Total combinational functions               ; 47          ;
; Logic element usage by number of LUT inputs ;             ;
;     -- 4 input functions                    ; 30          ;
;     -- 3 input functions                    ; 7           ;
;     -- <=2 input functions                  ; 10          ;
;                                             ;             ;
; Logic elements by mode                      ;             ;
;     -- normal mode                          ; 43          ;
;     -- arithmetic mode                      ; 4           ;
;                                             ;             ;
; Total registers                             ; 49          ;
;     -- Dedicated logic registers            ; 49          ;
;     -- I/O registers                        ; 0           ;
;                                             ;             ;
; I/O pins                                    ; 13          ;
; Embedded Multiplier 9-bit elements          ; 0           ;
; Maximum fan-out node                        ; i_SCL~input ;
; Maximum fan-out                             ; 38          ;
; Total fan-out                               ; 322         ;
; Average fan-out                             ; 2.64        ;
+---------------------------------------------+-------------+


+--------------------------------------------------------------------------------------------------------------------------------------------------------------------------------------------------------+
; Analysis & Synthesis Resource Utilization by Entity                                                                                                                                                    ;
+----------------------------+-------------------+--------------+-------------+--------------+---------+-----------+------+--------------+------------------------------------------------+--------------+
; Compilation Hierarchy Node ; LC Combinationals ; LC Registers ; Memory Bits ; DSP Elements ; DSP 9x9 ; DSP 18x18 ; Pins ; Virtual Pins ; Full Hierarchy Name                            ; Library Name ;
+----------------------------+-------------------+--------------+-------------+--------------+---------+-----------+------+--------------+------------------------------------------------+--------------+
; |SLAVE                     ; 47 (0)            ; 49 (0)       ; 0           ; 0            ; 0       ; 0         ; 13   ; 0            ; |SLAVE                                         ; work         ;
;    |DET_FRAME:U_DET_FRAME| ; 4 (4)             ; 6 (0)        ; 0           ; 0            ; 0       ; 0         ; 0    ; 0            ; |SLAVE|DET_FRAME:U_DET_FRAME                   ; work         ;
;       |DET_BORDA:SCL_I2C|  ; 0 (0)             ; 3 (3)        ; 0           ; 0            ; 0       ; 0         ; 0    ; 0            ; |SLAVE|DET_FRAME:U_DET_FRAME|DET_BORDA:SCL_I2C ; work         ;
;       |DET_BORDA:SDA_I2C|  ; 0 (0)             ; 3 (3)        ; 0           ; 0            ; 0       ; 0         ; 0    ; 0            ; |SLAVE|DET_FRAME:U_DET_FRAME|DET_BORDA:SDA_I2C ; work         ;
;    |S2P:U_S2P|             ; 10 (10)           ; 36 (36)      ; 0           ; 0            ; 0       ; 0         ; 0    ; 0            ; |SLAVE|S2P:U_S2P                               ; work         ;
;    |STM_SLAVE:U_STM_SLAVE| ; 33 (33)           ; 7 (7)        ; 0           ; 0            ; 0       ; 0         ; 0    ; 0            ; |SLAVE|STM_SLAVE:U_STM_SLAVE                   ; work         ;
+----------------------------+-------------------+--------------+-------------+--------------+---------+-----------+------+--------------+------------------------------------------------+--------------+
Note: For table entries with two numbers listed, the numbers in parentheses indicate the number of resources of the given type used by the specific entity alone. The numbers listed outside of parentheses indicate the total resources of the given type used by the specific entity and all of its sub-entities in the hierarchy.


Encoding Type: Safe One-Hot
+----------------------------------------------------------------------------------------------------------------------+
; State Machine - |SLAVE|STM_SLAVE:U_STM_SLAVE|state                                                                   ;
+-------------------+---------------+-------------------+------------------+-------------+-------------+---------------+
; Name              ; state.st_NULL ; state.st_SND_DATA ; state.st_RC_DATA ; state.st_ID ; state.st_RW ; state.st_IDLE ;
+-------------------+---------------+-------------------+------------------+-------------+-------------+---------------+
; state.st_IDLE     ; 0             ; 0                 ; 0                ; 0           ; 0           ; 0             ;
; state.st_RW       ; 0             ; 0                 ; 0                ; 0           ; 1           ; 1             ;
; state.st_ID       ; 0             ; 0                 ; 0                ; 1           ; 0           ; 1             ;
; state.st_RC_DATA  ; 0             ; 0                 ; 1                ; 0           ; 0           ; 1             ;
; state.st_SND_DATA ; 0             ; 1                 ; 0                ; 0           ; 0           ; 1             ;
; state.st_NULL     ; 1             ; 0                 ; 0                ; 0           ; 0           ; 1             ;
+-------------------+---------------+-------------------+------------------+-------------+-------------+---------------+


+---------------------------------------------------------------------------------------------------------------------------------------------------------+
; Registers Protected by Synthesis                                                                                                                        ;
+-----------------------------------------+------------------------------------------------------------------+--------------------------------------------+
; Register Name                           ; Protected by Synthesis Attribute or Preserve Register Assignment ; Not to be Touched by Netlist Optimizations ;
+-----------------------------------------+------------------------------------------------------------------+--------------------------------------------+
; STM_SLAVE:U_STM_SLAVE|state.st_SND_DATA ; no                                                               ; yes                                        ;
; STM_SLAVE:U_STM_SLAVE|state.st_NULL     ; no                                                               ; yes                                        ;
; STM_SLAVE:U_STM_SLAVE|state.st_IDLE     ; no                                                               ; yes                                        ;
; STM_SLAVE:U_STM_SLAVE|state.st_ID       ; no                                                               ; yes                                        ;
; STM_SLAVE:U_STM_SLAVE|state.st_RW       ; no                                                               ; yes                                        ;
; STM_SLAVE:U_STM_SLAVE|state.st_RC_DATA  ; no                                                               ; yes                                        ;
+-----------------------------------------+------------------------------------------------------------------+--------------------------------------------+


+---------------------------------------------------------------------------------------------------------------+
; User-Specified and Inferred Latches                                                                           ;
+-----------------------------------------------------+--------------------------------+------------------------+
; Latch Name                                          ; Latch Enable Signal            ; Free of Timing Hazards ;
+-----------------------------------------------------+--------------------------------+------------------------+
; STM_SLAVE:U_STM_SLAVE|w_ENABLE                      ; STM_SLAVE:U_STM_SLAVE|w_ENABLE ; yes                    ;
; STM_SLAVE:U_STM_SLAVE|o_DATA[0]$latch               ; STM_SLAVE:U_STM_SLAVE|WideOr5  ; yes                    ;
; STM_SLAVE:U_STM_SLAVE|o_DATA[1]_200                 ; STM_SLAVE:U_STM_SLAVE|WideOr5  ; yes                    ;
; STM_SLAVE:U_STM_SLAVE|o_DATA[1]$latch               ; STM_SLAVE:U_STM_SLAVE|WideOr5  ; yes                    ;
; STM_SLAVE:U_STM_SLAVE|o_DATA[2]$latch               ; STM_SLAVE:U_STM_SLAVE|WideOr5  ; yes                    ;
; STM_SLAVE:U_STM_SLAVE|o_DATA[3]$latch               ; STM_SLAVE:U_STM_SLAVE|WideOr5  ; yes                    ;
; STM_SLAVE:U_STM_SLAVE|o_DATA[4]$latch               ; STM_SLAVE:U_STM_SLAVE|WideOr5  ; yes                    ;
; STM_SLAVE:U_STM_SLAVE|o_DATA[5]$latch               ; STM_SLAVE:U_STM_SLAVE|WideOr5  ; yes                    ;
; STM_SLAVE:U_STM_SLAVE|o_DATA[6]$latch               ; STM_SLAVE:U_STM_SLAVE|WideOr5  ; yes                    ;
; STM_SLAVE:U_STM_SLAVE|o_DATA[7]$latch               ; STM_SLAVE:U_STM_SLAVE|WideOr5  ; yes                    ;
; DET_FRAME:U_DET_FRAME|o_ENABLE                      ; DET_FRAME:U_DET_FRAME|o_ENABLE ; yes                    ;
; Number of user-specified and inferred latches = 11  ;                                ;                        ;
+-----------------------------------------------------+--------------------------------+------------------------+
Note: All latches listed above may not be present at the end of synthesis due to various synthesis optimizations.


+-------------------------------------------------------------+
; Registers Removed During Synthesis                          ;
+----------------------------------------+--------------------+
; Register name                          ; Reason for Removal ;
+----------------------------------------+--------------------+
; S2P:U_S2P|o_DATA[0]~en                 ; Lost fanout        ;
; S2P:U_S2P|o_DATA[1]~en                 ; Lost fanout        ;
; S2P:U_S2P|o_DATA[2]~en                 ; Lost fanout        ;
; S2P:U_S2P|o_DATA[3]~en                 ; Lost fanout        ;
; S2P:U_S2P|o_DATA[4]~en                 ; Lost fanout        ;
; S2P:U_S2P|o_DATA[5]~en                 ; Lost fanout        ;
; S2P:U_S2P|o_DATA[6]~en                 ; Lost fanout        ;
; S2P:U_S2P|o_DATA[7]~en                 ; Lost fanout        ;
; S2P:U_S2P|o_DATA[8]~en                 ; Lost fanout        ;
; S2P:U_S2P|o_DATA[9]~en                 ; Lost fanout        ;
; S2P:U_S2P|o_DATA[10]~en                ; Lost fanout        ;
; S2P:U_S2P|o_DATA[11]~en                ; Lost fanout        ;
; S2P:U_S2P|o_DATA[12]~en                ; Lost fanout        ;
; S2P:U_S2P|o_DATA[13]~en                ; Lost fanout        ;
; S2P:U_S2P|o_DATA[14]~en                ; Lost fanout        ;
; S2P:U_S2P|o_DATA[15]~en                ; Lost fanout        ;
; S2P:U_S2P|w_DATA[0]~en                 ; Lost fanout        ;
; S2P:U_S2P|w_DATA[1]~en                 ; Lost fanout        ;
; S2P:U_S2P|w_DATA[2]~en                 ; Lost fanout        ;
; S2P:U_S2P|w_DATA[3]~en                 ; Lost fanout        ;
; S2P:U_S2P|w_DATA[4]~en                 ; Lost fanout        ;
; S2P:U_S2P|w_DATA[5]~en                 ; Lost fanout        ;
; S2P:U_S2P|w_DATA[6]~en                 ; Lost fanout        ;
; S2P:U_S2P|w_DATA[7]~en                 ; Lost fanout        ;
; S2P:U_S2P|w_DATA[8]~en                 ; Lost fanout        ;
; S2P:U_S2P|w_DATA[9]~en                 ; Lost fanout        ;
; S2P:U_S2P|w_DATA[10]~en                ; Lost fanout        ;
; S2P:U_S2P|w_DATA[11]~en                ; Lost fanout        ;
; S2P:U_S2P|w_DATA[12]~en                ; Lost fanout        ;
; S2P:U_S2P|w_DATA[13]~en                ; Lost fanout        ;
; S2P:U_S2P|w_DATA[14]~en                ; Lost fanout        ;
; Total Number of Removed Registers = 31 ;                    ;
+----------------------------------------+--------------------+


+------------------------------------------------------+
; General Register Statistics                          ;
+----------------------------------------------+-------+
; Statistic                                    ; Value ;
+----------------------------------------------+-------+
; Total registers                              ; 49    ;
; Number of registers using Synchronous Clear  ; 0     ;
; Number of registers using Synchronous Load   ; 0     ;
; Number of registers using Asynchronous Clear ; 17    ;
; Number of registers using Asynchronous Load  ; 0     ;
; Number of registers using Clock Enable       ; 17    ;
; Number of registers using Preset             ; 0     ;
+----------------------------------------------+-------+


+--------------------------------------------------------------------------------------------------------------------------------------------------+
; Multiplexer Restructuring Statistics (Restructuring Performed)                                                                                   ;
+--------------------+-----------+---------------+----------------------+------------------------+------------+------------------------------------+
; Multiplexer Inputs ; Bus Width ; Baseline Area ; Area if Restructured ; Saving if Restructured ; Registered ; Example Multiplexer Output         ;
+--------------------+-----------+---------------+----------------------+------------------------+------------+------------------------------------+
; 3:1                ; 4 bits    ; 8 LEs         ; 4 LEs                ; 4 LEs                  ; No         ; |SLAVE|STM_SLAVE:U_STM_SLAVE|state ;
+--------------------+-----------+---------------+----------------------+------------------------+------------+------------------------------------+


+----------------------------------------------+
; Source assignments for STM_SLAVE:U_STM_SLAVE ;
+--------------------+-------+------+----------+
; Assignment         ; Value ; From ; To       ;
+--------------------+-------+------+----------+
; SAFE_STATE_MACHINE ; on    ; -    ; state    ;
+--------------------+-------+------+----------+


+-----------------------------------------------------------------------+
; Parameter Settings for User Entity Instance: Top-level Entity: |SLAVE ;
+----------------+---------+--------------------------------------------+
; Parameter Name ; Value   ; Type                                       ;
+----------------+---------+--------------------------------------------+
; ADD            ; 1111111 ; Unsigned Binary                            ;
+----------------+---------+--------------------------------------------+
Note: In order to hide this table in the UI and the text report file, please set the "Show Parameter Settings in Synthesis Report" option in "Analysis and Synthesis Settings -> More Settings" to "Off".


+--------------------------------------------------------------------+
; Parameter Settings for User Entity Instance: STM_SLAVE:U_STM_SLAVE ;
+----------------+---------+-----------------------------------------+
; Parameter Name ; Value   ; Type                                    ;
+----------------+---------+-----------------------------------------+
; add            ; 1111111 ; Unsigned Binary                         ;
+----------------+---------+-----------------------------------------+
Note: In order to hide this table in the UI and the text report file, please set the "Show Parameter Settings in Synthesis Report" option in "Analysis and Synthesis Settings -> More Settings" to "Off".


+---------------------------------------------------------------------------------------------------------------------+
; Port Connectivity Checks: "DET_FRAME:U_DET_FRAME|DET_BORDA:SDA_I2C"                                                 ;
+-----------+--------+----------+-------------------------------------------------------------------------------------+
; Port      ; Type   ; Severity ; Details                                                                             ;
+-----------+--------+----------+-------------------------------------------------------------------------------------+
; o_descida ; Output ; Info     ; Connected to dangling logic. Logic that only feeds a dangling port will be removed. ;
+-----------+--------+----------+-------------------------------------------------------------------------------------+


+--------------------------------------------------------------------------------------------------------------------+
; Port Connectivity Checks: "DET_FRAME:U_DET_FRAME|DET_BORDA:SCL_I2C"                                                ;
+----------+--------+----------+-------------------------------------------------------------------------------------+
; Port     ; Type   ; Severity ; Details                                                                             ;
+----------+--------+----------+-------------------------------------------------------------------------------------+
; o_subida ; Output ; Info     ; Connected to dangling logic. Logic that only feeds a dangling port will be removed. ;
+----------+--------+----------+-------------------------------------------------------------------------------------+


+-------------------------------+
; Elapsed Time Per Partition    ;
+----------------+--------------+
; Partition Name ; Elapsed Time ;
+----------------+--------------+
; Top            ; 00:00:00     ;
+----------------+--------------+


+-------------------------------+
; Analysis & Synthesis Messages ;
+-------------------------------+
Info: *******************************************************************
Info: Running Quartus II 64-Bit Analysis & Synthesis
    Info: Version 13.1.0 Build 162 10/23/2013 SJ Web Edition
    Info: Processing started: Sun Dec 02 07:00:47 2018
Info: Command: quartus_map --read_settings_files=on --write_settings_files=off SLAVE -c SLAVE
Info (11104): Parallel Compilation has detected 8 hyper-threaded processors. However, the extra hyper-threaded processors will not be used by default. Parallel Compilation will use 4 of the 4 physical processors detected instead.
Info (12021): Found 2 design units, including 1 entities, in source file det_frame/det_frame.vhd
    Info (12022): Found design unit 1: DET_FRAME-behavioral
    Info (12023): Found entity 1: DET_FRAME
Info (12021): Found 2 design units, including 1 entities, in source file det_frame/det_borda.vhd
    Info (12022): Found design unit 1: DET_BORDA-behavioral
    Info (12023): Found entity 1: DET_BORDA
Info (12021): Found 2 design units, including 1 entities, in source file s2p/s2p.vhd
    Info (12022): Found design unit 1: S2P-behavioral
    Info (12023): Found entity 1: S2P
Info (12021): Found 2 design units, including 1 entities, in source file stm_slave/stm_slave.vhd
    Info (12022): Found design unit 1: STM_SLAVE-behavioral
    Info (12023): Found entity 1: STM_SLAVE
Info (12021): Found 2 design units, including 1 entities, in source file slave.vhd
    Info (12022): Found design unit 1: SLAVE-behavioral
    Info (12023): Found entity 1: SLAVE
Info (12021): Found 2 design units, including 1 entities, in source file tb_slave.vhd
    Info (12022): Found design unit 1: TB_SLAVE-behavioral
    Info (12023): Found entity 1: TB_SLAVE
Info (12127): Elaborating entity "SLAVE" for the top level hierarchy
Info (12128): Elaborating entity "DET_FRAME" for hierarchy "DET_FRAME:U_DET_FRAME"
Warning (10036): Verilog HDL or VHDL warning at DET_FRAME.vhd(32): object "w0_SUBIDA" assigned a value but never read
Warning (10036): Verilog HDL or VHDL warning at DET_FRAME.vhd(35): object "w1_DESCIDA" assigned a value but never read
Warning (10492): VHDL Process Statement warning at DET_FRAME.vhd(64): signal "i_SDA" is read inside the Process Statement but isn't in the Process Statement's sensitivity list
Warning (10492): VHDL Process Statement warning at DET_FRAME.vhd(68): signal "i_SCL" is read inside the Process Statement but isn't in the Process Statement's sensitivity list
Warning (10631): VHDL Process Statement warning at DET_FRAME.vhd(58): inferring latch(es) for signal or variable "o_ENABLE", which holds its previous value in one or more paths through the process
Info (10041): Inferred latch for "o_ENABLE" at DET_FRAME.vhd(58)
Info (12128): Elaborating entity "DET_BORDA" for hierarchy "DET_FRAME:U_DET_FRAME|DET_BORDA:SCL_I2C"
Info (12128): Elaborating entity "S2P" for hierarchy "S2P:U_S2P"
Info (12128): Elaborating entity "STM_SLAVE" for hierarchy "STM_SLAVE:U_STM_SLAVE"
Warning (10492): VHDL Process Statement warning at STM_SLAVE.vhd(102): signal "i_DATA" is read inside the Process Statement but isn't in the Process Statement's sensitivity list
Warning (10631): VHDL Process Statement warning at STM_SLAVE.vhd(86): inferring latch(es) for signal or variable "o_DATA", which holds its previous value in one or more paths through the process
Warning (10631): VHDL Process Statement warning at STM_SLAVE.vhd(86): inferring latch(es) for signal or variable "w_ENABLE", which holds its previous value in one or more paths through the process
Info (10041): Inferred latch for "w_ENABLE" at STM_SLAVE.vhd(86)
Info (10041): Inferred latch for "o_DATA[0]" at STM_SLAVE.vhd(86)
Info (10041): Inferred latch for "o_DATA[1]" at STM_SLAVE.vhd(86)
Info (10041): Inferred latch for "o_DATA[2]" at STM_SLAVE.vhd(86)
Info (10041): Inferred latch for "o_DATA[3]" at STM_SLAVE.vhd(86)
Info (10041): Inferred latch for "o_DATA[4]" at STM_SLAVE.vhd(86)
Info (10041): Inferred latch for "o_DATA[5]" at STM_SLAVE.vhd(86)
Info (10041): Inferred latch for "o_DATA[6]" at STM_SLAVE.vhd(86)
Info (10041): Inferred latch for "o_DATA[7]" at STM_SLAVE.vhd(86)
Warning (13046): Tri-state node(s) do not directly drive top-level pin(s)
    Warning (13049): Converted tri-state buffer "S2P:U_S2P|o_DATA[0]" feeding internal logic into a wire
    Warning (13049): Converted tri-state buffer "S2P:U_S2P|o_DATA[1]" feeding internal logic into a wire
    Warning (13049): Converted tri-state buffer "S2P:U_S2P|o_DATA[2]" feeding internal logic into a wire
    Warning (13049): Converted tri-state buffer "S2P:U_S2P|o_DATA[3]" feeding internal logic into a wire
    Warning (13049): Converted tri-state buffer "S2P:U_S2P|o_DATA[4]" feeding internal logic into a wire
    Warning (13049): Converted tri-state buffer "S2P:U_S2P|o_DATA[5]" feeding internal logic into a wire
    Warning (13049): Converted tri-state buffer "S2P:U_S2P|o_DATA[6]" feeding internal logic into a wire
    Warning (13049): Converted tri-state buffer "S2P:U_S2P|o_DATA[7]" feeding internal logic into a wire
    Warning (13049): Converted tri-state buffer "S2P:U_S2P|o_DATA[8]" feeding internal logic into a wire
    Warning (13049): Converted tri-state buffer "S2P:U_S2P|o_DATA[9]" feeding internal logic into a wire
    Warning (13049): Converted tri-state buffer "S2P:U_S2P|o_DATA[10]" feeding internal logic into a wire
    Warning (13049): Converted tri-state buffer "S2P:U_S2P|o_DATA[11]" feeding internal logic into a wire
    Warning (13049): Converted tri-state buffer "S2P:U_S2P|o_DATA[12]" feeding internal logic into a wire
    Warning (13049): Converted tri-state buffer "S2P:U_S2P|o_DATA[13]" feeding internal logic into a wire
    Warning (13049): Converted tri-state buffer "S2P:U_S2P|o_DATA[14]" feeding internal logic into a wire
    Warning (13049): Converted tri-state buffer "S2P:U_S2P|o_DATA[15]" feeding internal logic into a wire
    Warning (13049): Converted tri-state buffer "S2P:U_S2P|w_DATA[0]~0" feeding internal logic into a wire
    Warning (13049): Converted tri-state buffer "S2P:U_S2P|w_DATA[1]~1" feeding internal logic into a wire
    Warning (13049): Converted tri-state buffer "S2P:U_S2P|w_DATA[2]~2" feeding internal logic into a wire
    Warning (13049): Converted tri-state buffer "S2P:U_S2P|w_DATA[3]~3" feeding internal logic into a wire
    Warning (13049): Converted tri-state buffer "S2P:U_S2P|w_DATA[4]~4" feeding internal logic into a wire
    Warning (13049): Converted tri-state buffer "S2P:U_S2P|w_DATA[5]~5" feeding internal logic into a wire
    Warning (13049): Converted tri-state buffer "S2P:U_S2P|w_DATA[6]~6" feeding internal logic into a wire
    Warning (13049): Converted tri-state buffer "S2P:U_S2P|w_DATA[7]~7" feeding internal logic into a wire
    Warning (13049): Converted tri-state buffer "S2P:U_S2P|w_DATA[8]~8" feeding internal logic into a wire
    Warning (13049): Converted tri-state buffer "S2P:U_S2P|w_DATA[9]~9" feeding internal logic into a wire
    Warning (13049): Converted tri-state buffer "S2P:U_S2P|w_DATA[10]~10" feeding internal logic into a wire
    Warning (13049): Converted tri-state buffer "S2P:U_S2P|w_DATA[11]~11" feeding internal logic into a wire
    Warning (13049): Converted tri-state buffer "S2P:U_S2P|w_DATA[12]~12" feeding internal logic into a wire
    Warning (13049): Converted tri-state buffer "S2P:U_S2P|w_DATA[13]~13" feeding internal logic into a wire
    Warning (13049): Converted tri-state buffer "S2P:U_S2P|w_DATA[14]~14" feeding internal logic into a wire
Info (284007): State machine "|SLAVE|STM_SLAVE:U_STM_SLAVE|state" will be implemented as a safe state machine.
Warning (13012): Latch STM_SLAVE:U_STM_SLAVE|o_DATA[1]_200 has unsafe behavior
    Warning (13013): Ports D and ENA on the latch are fed by the same signal STM_SLAVE:U_STM_SLAVE|state.st_SND_DATA
Warning (13012): Latch DET_FRAME:U_DET_FRAME|o_ENABLE has unsafe behavior
    Warning (13013): Ports D and ENA on the latch are fed by the same signal i_SDA
Info (286030): Timing-Driven Synthesis is running
Info (17049): 31 registers lost all their fanouts during netlist optimizations.
Info (16010): Generating hard_block partition "hard_block:auto_generated_inst"
    Info (16011): Adding 0 node(s), including 0 DDIO, 0 PLL, 0 transceiver and 0 LCELL
Info (21057): Implemented 97 device resources after synthesis - the final resource count might be different
    Info (21058): Implemented 4 input pins
    Info (21059): Implemented 9 output pins
    Info (21061): Implemented 84 logic cells
Info: Quartus II 64-Bit Analysis & Synthesis was successful. 0 errors, 44 warnings
    Info: Peak virtual memory: 4705 megabytes
    Info: Processing ended: Sun Dec 02 07:00:51 2018
    Info: Elapsed time: 00:00:04
    Info: Total CPU time (on all processors): 00:00:02


