TimeQuest Timing Analyzer report for STOP_FRAME
Mon Dec 03 04:54:02 2018
Quartus II 64-Bit Version 13.1.0 Build 162 10/23/2013 SJ Web Edition


---------------------
; Table of Contents ;
---------------------
  1. Legal Notice
  2. TimeQuest Timing Analyzer Summary
  3. Parallel Compilation
  4. Clocks
  5. Slow 1200mV 85C Model Fmax Summary
  6. Timing Closure Recommendations
  7. Slow 1200mV 85C Model Setup Summary
  8. Slow 1200mV 85C Model Hold Summary
  9. Slow 1200mV 85C Model Recovery Summary
 10. Slow 1200mV 85C Model Removal Summary
 11. Slow 1200mV 85C Model Minimum Pulse Width Summary
 12. Slow 1200mV 85C Model Minimum Pulse Width: 'i_SCL'
 13. Clock to Output Times
 14. Minimum Clock to Output Times
 15. Output Enable Times
 16. Minimum Output Enable Times
 17. Output Disable Times
 18. Minimum Output Disable Times
 19. Slow 1200mV 85C Model Metastability Report
 20. Slow 1200mV 0C Model Fmax Summary
 21. Slow 1200mV 0C Model Setup Summary
 22. Slow 1200mV 0C Model Hold Summary
 23. Slow 1200mV 0C Model Recovery Summary
 24. Slow 1200mV 0C Model Removal Summary
 25. Slow 1200mV 0C Model Minimum Pulse Width Summary
 26. Slow 1200mV 0C Model Minimum Pulse Width: 'i_SCL'
 27. Clock to Output Times
 28. Minimum Clock to Output Times
 29. Output Enable Times
 30. Minimum Output Enable Times
 31. Output Disable Times
 32. Minimum Output Disable Times
 33. Slow 1200mV 0C Model Metastability Report
 34. Fast 1200mV 0C Model Setup Summary
 35. Fast 1200mV 0C Model Hold Summary
 36. Fast 1200mV 0C Model Recovery Summary
 37. Fast 1200mV 0C Model Removal Summary
 38. Fast 1200mV 0C Model Minimum Pulse Width Summary
 39. Fast 1200mV 0C Model Minimum Pulse Width: 'i_SCL'
 40. Clock to Output Times
 41. Minimum Clock to Output Times
 42. Output Enable Times
 43. Minimum Output Enable Times
 44. Output Disable Times
 45. Minimum Output Disable Times
 46. Fast 1200mV 0C Model Metastability Report
 47. Multicorner Timing Analysis Summary
 48. Clock to Output Times
 49. Minimum Clock to Output Times
 50. Board Trace Model Assignments
 51. Input Transition Times
 52. Slow Corner Signal Integrity Metrics
 53. Fast Corner Signal Integrity Metrics
 54. Clock Transfers
 55. Report TCCS
 56. Report RSKM
 57. Unconstrained Paths
 58. TimeQuest Timing Analyzer Messages



----------------
; Legal Notice ;
----------------
Copyright (C) 1991-2013 Altera Corporation
Your use of Altera Corporation's design tools, logic functions 
and other software and tools, and its AMPP partner logic 
functions, and any output files from any of the foregoing 
(including device programming or simulation files), and any 
associated documentation or information are expressly subject 
to the terms and conditions of the Altera Program License 
Subscription Agreement, Altera MegaCore Function License 
Agreement, or other applicable license agreement, including, 
without limitation, that your use is for the sole purpose of 
programming logic devices manufactured by Altera and sold by 
Altera or its authorized distributors.  Please refer to the 
applicable agreement for further details.



+-------------------------------------------------------------------------+
; TimeQuest Timing Analyzer Summary                                       ;
+--------------------+----------------------------------------------------+
; Quartus II Version ; Version 13.1.0 Build 162 10/23/2013 SJ Web Edition ;
; Revision Name      ; STOP_FRAME                                         ;
; Device Family      ; Cyclone III                                        ;
; Device Name        ; EP3C16F484C6                                       ;
; Timing Models      ; Final                                              ;
; Delay Model        ; Combined                                           ;
; Rise/Fall Delays   ; Enabled                                            ;
+--------------------+----------------------------------------------------+


+------------------------------------------+
; Parallel Compilation                     ;
+----------------------------+-------------+
; Processors                 ; Number      ;
+----------------------------+-------------+
; Number detected on machine ; 8           ;
; Maximum allowed            ; 4           ;
;                            ;             ;
; Average used               ; 1.00        ;
; Maximum used               ; 4           ;
;                            ;             ;
; Usage by Processor         ; % Time Used ;
;     Processor 1            ; 100.0%      ;
;     Processors 2-4         ; < 0.1%      ;
;     Processors 5-8         ;   0.0%      ;
+----------------------------+-------------+


+-----------------------------------------------------------------------------------------------------------------------------------------------------------------------------------+
; Clocks                                                                                                                                                                            ;
+------------+------+--------+------------+-------+-------+------------+-----------+-------------+-------+--------+-----------+------------+----------+--------+--------+-----------+
; Clock Name ; Type ; Period ; Frequency  ; Rise  ; Fall  ; Duty Cycle ; Divide by ; Multiply by ; Phase ; Offset ; Edge List ; Edge Shift ; Inverted ; Master ; Source ; Targets   ;
+------------+------+--------+------------+-------+-------+------------+-----------+-------------+-------+--------+-----------+------------+----------+--------+--------+-----------+
; i_SCL      ; Base ; 1.000  ; 1000.0 MHz ; 0.000 ; 0.500 ;            ;           ;             ;       ;        ;           ;            ;          ;        ;        ; { i_SCL } ;
+------------+------+--------+------------+-------+-------+------------+-----------+-------------+-------+--------+-----------+------------+----------+--------+--------+-----------+


--------------------------------------
; Slow 1200mV 85C Model Fmax Summary ;
--------------------------------------
No paths to report.


----------------------------------
; Timing Closure Recommendations ;
----------------------------------
HTML report is unavailable in plain text report export.


---------------------------------------
; Slow 1200mV 85C Model Setup Summary ;
---------------------------------------
No paths to report.


--------------------------------------
; Slow 1200mV 85C Model Hold Summary ;
--------------------------------------
No paths to report.


------------------------------------------
; Slow 1200mV 85C Model Recovery Summary ;
------------------------------------------
No paths to report.


-----------------------------------------
; Slow 1200mV 85C Model Removal Summary ;
-----------------------------------------
No paths to report.


+---------------------------------------------------+
; Slow 1200mV 85C Model Minimum Pulse Width Summary ;
+-------+--------+----------------------------------+
; Clock ; Slack  ; End Point TNS                    ;
+-------+--------+----------------------------------+
; i_SCL ; -3.000 ; -6.000                           ;
+-------+--------+----------------------------------+


+--------------------------------------------------------------------------------------------------------------+
; Slow 1200mV 85C Model Minimum Pulse Width: 'i_SCL'                                                           ;
+--------+--------------+----------------+------------------+-------+------------+-----------------------------+
; Slack  ; Actual Width ; Required Width ; Type             ; Clock ; Clock Edge ; Target                      ;
+--------+--------------+----------------+------------------+-------+------------+-----------------------------+
; -3.000 ; 1.000        ; 4.000          ; Port Rate        ; i_SCL ; Rise       ; i_SCL                       ;
; -1.000 ; 1.000        ; 2.000          ; Min Period       ; i_SCL ; Rise       ; o_CTRL_STOP~reg0            ;
; -1.000 ; 1.000        ; 2.000          ; Min Period       ; i_SCL ; Rise       ; o_SDA~en                    ;
; -1.000 ; 1.000        ; 2.000          ; Min Period       ; i_SCL ; Rise       ; o_SDA~reg0                  ;
; 0.185  ; 0.369        ; 0.184          ; Low Pulse Width  ; i_SCL ; Rise       ; o_SDA~en                    ;
; 0.185  ; 0.369        ; 0.184          ; Low Pulse Width  ; i_SCL ; Rise       ; o_SDA~reg0                  ;
; 0.186  ; 0.370        ; 0.184          ; Low Pulse Width  ; i_SCL ; Rise       ; o_CTRL_STOP~reg0            ;
; 0.339  ; 0.339        ; 0.000          ; Low Pulse Width  ; i_SCL ; Rise       ; i_SCL~input|o               ;
; 0.347  ; 0.347        ; 0.000          ; Low Pulse Width  ; i_SCL ; Rise       ; o_SDA~en|clk                ;
; 0.347  ; 0.347        ; 0.000          ; Low Pulse Width  ; i_SCL ; Rise       ; o_SDA~reg0|clk              ;
; 0.348  ; 0.348        ; 0.000          ; Low Pulse Width  ; i_SCL ; Rise       ; o_CTRL_STOP~reg0|clk        ;
; 0.356  ; 0.356        ; 0.000          ; Low Pulse Width  ; i_SCL ; Rise       ; i_SCL~inputclkctrl|inclk[0] ;
; 0.356  ; 0.356        ; 0.000          ; Low Pulse Width  ; i_SCL ; Rise       ; i_SCL~inputclkctrl|outclk   ;
; 0.412  ; 0.628        ; 0.216          ; High Pulse Width ; i_SCL ; Rise       ; o_CTRL_STOP~reg0            ;
; 0.413  ; 0.629        ; 0.216          ; High Pulse Width ; i_SCL ; Rise       ; o_SDA~en                    ;
; 0.413  ; 0.629        ; 0.216          ; High Pulse Width ; i_SCL ; Rise       ; o_SDA~reg0                  ;
; 0.500  ; 0.500        ; 0.000          ; High Pulse Width ; i_SCL ; Rise       ; i_SCL~input|i               ;
; 0.500  ; 0.500        ; 0.000          ; Low Pulse Width  ; i_SCL ; Rise       ; i_SCL~input|i               ;
; 0.643  ; 0.643        ; 0.000          ; High Pulse Width ; i_SCL ; Rise       ; i_SCL~inputclkctrl|inclk[0] ;
; 0.643  ; 0.643        ; 0.000          ; High Pulse Width ; i_SCL ; Rise       ; i_SCL~inputclkctrl|outclk   ;
; 0.652  ; 0.652        ; 0.000          ; High Pulse Width ; i_SCL ; Rise       ; o_CTRL_STOP~reg0|clk        ;
; 0.653  ; 0.653        ; 0.000          ; High Pulse Width ; i_SCL ; Rise       ; o_SDA~en|clk                ;
; 0.653  ; 0.653        ; 0.000          ; High Pulse Width ; i_SCL ; Rise       ; o_SDA~reg0|clk              ;
; 0.661  ; 0.661        ; 0.000          ; High Pulse Width ; i_SCL ; Rise       ; i_SCL~input|o               ;
+--------+--------------+----------------+------------------+-------+------------+-----------------------------+


+-------------------------------------------------------------------------+
; Clock to Output Times                                                   ;
+-------------+------------+-------+-------+------------+-----------------+
; Data Port   ; Clock Port ; Rise  ; Fall  ; Clock Edge ; Clock Reference ;
+-------------+------------+-------+-------+------------+-----------------+
; o_CTRL_STOP ; i_SCL      ; 5.203 ; 5.237 ; Rise       ; i_SCL           ;
; o_SDA       ; i_SCL      ; 5.191 ; 5.166 ; Rise       ; i_SCL           ;
+-------------+------------+-------+-------+------------+-----------------+


+-------------------------------------------------------------------------+
; Minimum Clock to Output Times                                           ;
+-------------+------------+-------+-------+------------+-----------------+
; Data Port   ; Clock Port ; Rise  ; Fall  ; Clock Edge ; Clock Reference ;
+-------------+------------+-------+-------+------------+-----------------+
; o_CTRL_STOP ; i_SCL      ; 5.106 ; 5.137 ; Rise       ; i_SCL           ;
; o_SDA       ; i_SCL      ; 5.088 ; 5.062 ; Rise       ; i_SCL           ;
+-------------+------------+-------+-------+------------+-----------------+


+-----------------------------------------------------------------------+
; Output Enable Times                                                   ;
+-----------+------------+-------+-------+------------+-----------------+
; Data Port ; Clock Port ; Rise  ; Fall  ; Clock Edge ; Clock Reference ;
+-----------+------------+-------+-------+------------+-----------------+
; o_SDA     ; i_SCL      ; 5.276 ; 5.276 ; Rise       ; i_SCL           ;
+-----------+------------+-------+-------+------------+-----------------+


+-----------------------------------------------------------------------+
; Minimum Output Enable Times                                           ;
+-----------+------------+-------+-------+------------+-----------------+
; Data Port ; Clock Port ; Rise  ; Fall  ; Clock Edge ; Clock Reference ;
+-----------+------------+-------+-------+------------+-----------------+
; o_SDA     ; i_SCL      ; 4.992 ; 4.992 ; Rise       ; i_SCL           ;
+-----------+------------+-------+-------+------------+-----------------+


+-------------------------------------------------------------------------------+
; Output Disable Times                                                          ;
+-----------+------------+-----------+-----------+------------+-----------------+
; Data Port ; Clock Port ; 0 to Hi-Z ; 1 to Hi-Z ; Clock Edge ; Clock Reference ;
+-----------+------------+-----------+-----------+------------+-----------------+
; o_SDA     ; i_SCL      ; 5.208     ; 5.299     ; Rise       ; i_SCL           ;
+-----------+------------+-----------+-----------+------------+-----------------+


+-------------------------------------------------------------------------------+
; Minimum Output Disable Times                                                  ;
+-----------+------------+-----------+-----------+------------+-----------------+
; Data Port ; Clock Port ; 0 to Hi-Z ; 1 to Hi-Z ; Clock Edge ; Clock Reference ;
+-----------+------------+-----------+-----------+------------+-----------------+
; o_SDA     ; i_SCL      ; 5.014     ; 5.022     ; Rise       ; i_SCL           ;
+-----------+------------+-----------+-----------+------------+-----------------+


----------------------------------------------
; Slow 1200mV 85C Model Metastability Report ;
----------------------------------------------
No synchronizer chains to report.


-------------------------------------
; Slow 1200mV 0C Model Fmax Summary ;
-------------------------------------
No paths to report.


--------------------------------------
; Slow 1200mV 0C Model Setup Summary ;
--------------------------------------
No paths to report.


-------------------------------------
; Slow 1200mV 0C Model Hold Summary ;
-------------------------------------
No paths to report.


-----------------------------------------
; Slow 1200mV 0C Model Recovery Summary ;
-----------------------------------------
No paths to report.


----------------------------------------
; Slow 1200mV 0C Model Removal Summary ;
----------------------------------------
No paths to report.


+--------------------------------------------------+
; Slow 1200mV 0C Model Minimum Pulse Width Summary ;
+-------+--------+---------------------------------+
; Clock ; Slack  ; End Point TNS                   ;
+-------+--------+---------------------------------+
; i_SCL ; -3.000 ; -6.000                          ;
+-------+--------+---------------------------------+


+--------------------------------------------------------------------------------------------------------------+
; Slow 1200mV 0C Model Minimum Pulse Width: 'i_SCL'                                                            ;
+--------+--------------+----------------+------------------+-------+------------+-----------------------------+
; Slack  ; Actual Width ; Required Width ; Type             ; Clock ; Clock Edge ; Target                      ;
+--------+--------------+----------------+------------------+-------+------------+-----------------------------+
; -3.000 ; 1.000        ; 4.000          ; Port Rate        ; i_SCL ; Rise       ; i_SCL                       ;
; -1.000 ; 1.000        ; 2.000          ; Min Period       ; i_SCL ; Rise       ; o_CTRL_STOP~reg0            ;
; -1.000 ; 1.000        ; 2.000          ; Min Period       ; i_SCL ; Rise       ; o_SDA~en                    ;
; -1.000 ; 1.000        ; 2.000          ; Min Period       ; i_SCL ; Rise       ; o_SDA~reg0                  ;
; 0.181  ; 0.365        ; 0.184          ; Low Pulse Width  ; i_SCL ; Rise       ; o_SDA~en                    ;
; 0.181  ; 0.365        ; 0.184          ; Low Pulse Width  ; i_SCL ; Rise       ; o_SDA~reg0                  ;
; 0.184  ; 0.368        ; 0.184          ; Low Pulse Width  ; i_SCL ; Rise       ; o_CTRL_STOP~reg0            ;
; 0.339  ; 0.339        ; 0.000          ; Low Pulse Width  ; i_SCL ; Rise       ; i_SCL~input|o               ;
; 0.341  ; 0.341        ; 0.000          ; Low Pulse Width  ; i_SCL ; Rise       ; o_SDA~en|clk                ;
; 0.341  ; 0.341        ; 0.000          ; Low Pulse Width  ; i_SCL ; Rise       ; o_SDA~reg0|clk              ;
; 0.344  ; 0.344        ; 0.000          ; Low Pulse Width  ; i_SCL ; Rise       ; o_CTRL_STOP~reg0|clk        ;
; 0.348  ; 0.348        ; 0.000          ; Low Pulse Width  ; i_SCL ; Rise       ; i_SCL~inputclkctrl|inclk[0] ;
; 0.348  ; 0.348        ; 0.000          ; Low Pulse Width  ; i_SCL ; Rise       ; i_SCL~inputclkctrl|outclk   ;
; 0.414  ; 0.630        ; 0.216          ; High Pulse Width ; i_SCL ; Rise       ; o_CTRL_STOP~reg0            ;
; 0.419  ; 0.635        ; 0.216          ; High Pulse Width ; i_SCL ; Rise       ; o_SDA~en                    ;
; 0.419  ; 0.635        ; 0.216          ; High Pulse Width ; i_SCL ; Rise       ; o_SDA~reg0                  ;
; 0.500  ; 0.500        ; 0.000          ; High Pulse Width ; i_SCL ; Rise       ; i_SCL~input|i               ;
; 0.500  ; 0.500        ; 0.000          ; Low Pulse Width  ; i_SCL ; Rise       ; i_SCL~input|i               ;
; 0.651  ; 0.651        ; 0.000          ; High Pulse Width ; i_SCL ; Rise       ; i_SCL~inputclkctrl|inclk[0] ;
; 0.651  ; 0.651        ; 0.000          ; High Pulse Width ; i_SCL ; Rise       ; i_SCL~inputclkctrl|outclk   ;
; 0.654  ; 0.654        ; 0.000          ; High Pulse Width ; i_SCL ; Rise       ; o_CTRL_STOP~reg0|clk        ;
; 0.659  ; 0.659        ; 0.000          ; High Pulse Width ; i_SCL ; Rise       ; o_SDA~en|clk                ;
; 0.659  ; 0.659        ; 0.000          ; High Pulse Width ; i_SCL ; Rise       ; o_SDA~reg0|clk              ;
; 0.661  ; 0.661        ; 0.000          ; High Pulse Width ; i_SCL ; Rise       ; i_SCL~input|o               ;
+--------+--------------+----------------+------------------+-------+------------+-----------------------------+


+-------------------------------------------------------------------------+
; Clock to Output Times                                                   ;
+-------------+------------+-------+-------+------------+-----------------+
; Data Port   ; Clock Port ; Rise  ; Fall  ; Clock Edge ; Clock Reference ;
+-------------+------------+-------+-------+------------+-----------------+
; o_CTRL_STOP ; i_SCL      ; 4.962 ; 4.979 ; Rise       ; i_SCL           ;
; o_SDA       ; i_SCL      ; 4.946 ; 4.899 ; Rise       ; i_SCL           ;
+-------------+------------+-------+-------+------------+-----------------+


+-------------------------------------------------------------------------+
; Minimum Clock to Output Times                                           ;
+-------------+------------+-------+-------+------------+-----------------+
; Data Port   ; Clock Port ; Rise  ; Fall  ; Clock Edge ; Clock Reference ;
+-------------+------------+-------+-------+------------+-----------------+
; o_CTRL_STOP ; i_SCL      ; 4.875 ; 4.891 ; Rise       ; i_SCL           ;
; o_SDA       ; i_SCL      ; 4.854 ; 4.807 ; Rise       ; i_SCL           ;
+-------------+------------+-------+-------+------------+-----------------+


+-----------------------------------------------------------------------+
; Output Enable Times                                                   ;
+-----------+------------+-------+-------+------------+-----------------+
; Data Port ; Clock Port ; Rise  ; Fall  ; Clock Edge ; Clock Reference ;
+-----------+------------+-------+-------+------------+-----------------+
; o_SDA     ; i_SCL      ; 4.962 ; 4.964 ; Rise       ; i_SCL           ;
+-----------+------------+-------+-------+------------+-----------------+


+-----------------------------------------------------------------------+
; Minimum Output Enable Times                                           ;
+-----------+------------+-------+-------+------------+-----------------+
; Data Port ; Clock Port ; Rise  ; Fall  ; Clock Edge ; Clock Reference ;
+-----------+------------+-------+-------+------------+-----------------+
; o_SDA     ; i_SCL      ; 4.483 ; 4.483 ; Rise       ; i_SCL           ;
+-----------+------------+-------+-------+------------+-----------------+


+-------------------------------------------------------------------------------+
; Output Disable Times                                                          ;
+-----------+------------+-----------+-----------+------------+-----------------+
; Data Port ; Clock Port ; 0 to Hi-Z ; 1 to Hi-Z ; Clock Edge ; Clock Reference ;
+-----------+------------+-----------+-----------+------------+-----------------+
; o_SDA     ; i_SCL      ; 4.962     ; 4.962     ; Rise       ; i_SCL           ;
+-----------+------------+-----------+-----------+------------+-----------------+


+-------------------------------------------------------------------------------+
; Minimum Output Disable Times                                                  ;
+-----------+------------+-----------+-----------+------------+-----------------+
; Data Port ; Clock Port ; 0 to Hi-Z ; 1 to Hi-Z ; Clock Edge ; Clock Reference ;
+-----------+------------+-----------+-----------+------------+-----------------+
; o_SDA     ; i_SCL      ; 4.481     ; 4.582     ; Rise       ; i_SCL           ;
+-----------+------------+-----------+-----------+------------+-----------------+


---------------------------------------------
; Slow 1200mV 0C Model Metastability Report ;
---------------------------------------------
No synchronizer chains to report.


--------------------------------------
; Fast 1200mV 0C Model Setup Summary ;
--------------------------------------
No paths to report.


-------------------------------------
; Fast 1200mV 0C Model Hold Summary ;
-------------------------------------
No paths to report.


-----------------------------------------
; Fast 1200mV 0C Model Recovery Summary ;
-----------------------------------------
No paths to report.


----------------------------------------
; Fast 1200mV 0C Model Removal Summary ;
----------------------------------------
No paths to report.


+--------------------------------------------------+
; Fast 1200mV 0C Model Minimum Pulse Width Summary ;
+-------+--------+---------------------------------+
; Clock ; Slack  ; End Point TNS                   ;
+-------+--------+---------------------------------+
; i_SCL ; -3.000 ; -6.168                          ;
+-------+--------+---------------------------------+


+--------------------------------------------------------------------------------------------------------------+
; Fast 1200mV 0C Model Minimum Pulse Width: 'i_SCL'                                                            ;
+--------+--------------+----------------+------------------+-------+------------+-----------------------------+
; Slack  ; Actual Width ; Required Width ; Type             ; Clock ; Clock Edge ; Target                      ;
+--------+--------------+----------------+------------------+-------+------------+-----------------------------+
; -3.000 ; 1.000        ; 4.000          ; Port Rate        ; i_SCL ; Rise       ; i_SCL                       ;
; -1.000 ; 1.000        ; 2.000          ; Min Period       ; i_SCL ; Rise       ; o_CTRL_STOP~reg0            ;
; -1.000 ; 1.000        ; 2.000          ; Min Period       ; i_SCL ; Rise       ; o_SDA~en                    ;
; -1.000 ; 1.000        ; 2.000          ; Min Period       ; i_SCL ; Rise       ; o_SDA~reg0                  ;
; -0.056 ; 0.128        ; 0.184          ; Low Pulse Width  ; i_SCL ; Rise       ; o_CTRL_STOP~reg0            ;
; -0.056 ; 0.128        ; 0.184          ; Low Pulse Width  ; i_SCL ; Rise       ; o_SDA~en                    ;
; -0.056 ; 0.128        ; 0.184          ; Low Pulse Width  ; i_SCL ; Rise       ; o_SDA~reg0                  ;
; 0.118  ; 0.118        ; 0.000          ; Low Pulse Width  ; i_SCL ; Rise       ; i_SCL~input|o               ;
; 0.123  ; 0.123        ; 0.000          ; Low Pulse Width  ; i_SCL ; Rise       ; o_CTRL_STOP~reg0|clk        ;
; 0.124  ; 0.124        ; 0.000          ; Low Pulse Width  ; i_SCL ; Rise       ; o_SDA~en|clk                ;
; 0.124  ; 0.124        ; 0.000          ; Low Pulse Width  ; i_SCL ; Rise       ; o_SDA~reg0|clk              ;
; 0.132  ; 0.132        ; 0.000          ; Low Pulse Width  ; i_SCL ; Rise       ; i_SCL~inputclkctrl|inclk[0] ;
; 0.132  ; 0.132        ; 0.000          ; Low Pulse Width  ; i_SCL ; Rise       ; i_SCL~inputclkctrl|outclk   ;
; 0.500  ; 0.500        ; 0.000          ; High Pulse Width ; i_SCL ; Rise       ; i_SCL~input|i               ;
; 0.500  ; 0.500        ; 0.000          ; Low Pulse Width  ; i_SCL ; Rise       ; i_SCL~input|i               ;
; 0.654  ; 0.870        ; 0.216          ; High Pulse Width ; i_SCL ; Rise       ; o_SDA~en                    ;
; 0.654  ; 0.870        ; 0.216          ; High Pulse Width ; i_SCL ; Rise       ; o_SDA~reg0                  ;
; 0.655  ; 0.871        ; 0.216          ; High Pulse Width ; i_SCL ; Rise       ; o_CTRL_STOP~reg0            ;
; 0.867  ; 0.867        ; 0.000          ; High Pulse Width ; i_SCL ; Rise       ; i_SCL~inputclkctrl|inclk[0] ;
; 0.867  ; 0.867        ; 0.000          ; High Pulse Width ; i_SCL ; Rise       ; i_SCL~inputclkctrl|outclk   ;
; 0.876  ; 0.876        ; 0.000          ; High Pulse Width ; i_SCL ; Rise       ; o_CTRL_STOP~reg0|clk        ;
; 0.876  ; 0.876        ; 0.000          ; High Pulse Width ; i_SCL ; Rise       ; o_SDA~en|clk                ;
; 0.876  ; 0.876        ; 0.000          ; High Pulse Width ; i_SCL ; Rise       ; o_SDA~reg0|clk              ;
; 0.882  ; 0.882        ; 0.000          ; High Pulse Width ; i_SCL ; Rise       ; i_SCL~input|o               ;
+--------+--------------+----------------+------------------+-------+------------+-----------------------------+


+-------------------------------------------------------------------------+
; Clock to Output Times                                                   ;
+-------------+------------+-------+-------+------------+-----------------+
; Data Port   ; Clock Port ; Rise  ; Fall  ; Clock Edge ; Clock Reference ;
+-------------+------------+-------+-------+------------+-----------------+
; o_CTRL_STOP ; i_SCL      ; 3.165 ; 3.188 ; Rise       ; i_SCL           ;
; o_SDA       ; i_SCL      ; 3.089 ; 3.121 ; Rise       ; i_SCL           ;
+-------------+------------+-------+-------+------------+-----------------+


+-------------------------------------------------------------------------+
; Minimum Clock to Output Times                                           ;
+-------------+------------+-------+-------+------------+-----------------+
; Data Port   ; Clock Port ; Rise  ; Fall  ; Clock Edge ; Clock Reference ;
+-------------+------------+-------+-------+------------+-----------------+
; o_CTRL_STOP ; i_SCL      ; 3.107 ; 3.129 ; Rise       ; i_SCL           ;
; o_SDA       ; i_SCL      ; 3.030 ; 3.060 ; Rise       ; i_SCL           ;
+-------------+------------+-------+-------+------------+-----------------+


+-----------------------------------------------------------------------+
; Output Enable Times                                                   ;
+-----------+------------+-------+-------+------------+-----------------+
; Data Port ; Clock Port ; Rise  ; Fall  ; Clock Edge ; Clock Reference ;
+-----------+------------+-------+-------+------------+-----------------+
; o_SDA     ; i_SCL      ; 3.911 ; 3.908 ; Rise       ; i_SCL           ;
+-----------+------------+-------+-------+------------+-----------------+


+-----------------------------------------------------------------------+
; Minimum Output Enable Times                                           ;
+-----------+------------+-------+-------+------------+-----------------+
; Data Port ; Clock Port ; Rise  ; Fall  ; Clock Edge ; Clock Reference ;
+-----------+------------+-------+-------+------------+-----------------+
; o_SDA     ; i_SCL      ; 3.011 ; 3.011 ; Rise       ; i_SCL           ;
+-----------+------------+-------+-------+------------+-----------------+


+-------------------------------------------------------------------------------+
; Output Disable Times                                                          ;
+-----------+------------+-----------+-----------+------------+-----------------+
; Data Port ; Clock Port ; 0 to Hi-Z ; 1 to Hi-Z ; Clock Edge ; Clock Reference ;
+-----------+------------+-----------+-----------+------------+-----------------+
; o_SDA     ; i_SCL      ; 3.952     ; 3.952     ; Rise       ; i_SCL           ;
+-----------+------------+-----------+-----------+------------+-----------------+


+-------------------------------------------------------------------------------+
; Minimum Output Disable Times                                                  ;
+-----------+------------+-----------+-----------+------------+-----------------+
; Data Port ; Clock Port ; 0 to Hi-Z ; 1 to Hi-Z ; Clock Edge ; Clock Reference ;
+-----------+------------+-----------+-----------+------------+-----------------+
; o_SDA     ; i_SCL      ; 3.051     ; 3.117     ; Rise       ; i_SCL           ;
+-----------+------------+-----------+-----------+------------+-----------------+


---------------------------------------------
; Fast 1200mV 0C Model Metastability Report ;
---------------------------------------------
No synchronizer chains to report.


+----------------------------------------------------------------------------+
; Multicorner Timing Analysis Summary                                        ;
+------------------+-------+------+----------+---------+---------------------+
; Clock            ; Setup ; Hold ; Recovery ; Removal ; Minimum Pulse Width ;
+------------------+-------+------+----------+---------+---------------------+
; Worst-case Slack ; N/A   ; N/A  ; N/A      ; N/A     ; -3.000              ;
;  i_SCL           ; N/A   ; N/A  ; N/A      ; N/A     ; -3.000              ;
; Design-wide TNS  ; 0.0   ; 0.0  ; 0.0      ; 0.0     ; -6.168              ;
;  i_SCL           ; N/A   ; N/A  ; N/A      ; N/A     ; -6.168              ;
+------------------+-------+------+----------+---------+---------------------+


+-------------------------------------------------------------------------+
; Clock to Output Times                                                   ;
+-------------+------------+-------+-------+------------+-----------------+
; Data Port   ; Clock Port ; Rise  ; Fall  ; Clock Edge ; Clock Reference ;
+-------------+------------+-------+-------+------------+-----------------+
; o_CTRL_STOP ; i_SCL      ; 5.203 ; 5.237 ; Rise       ; i_SCL           ;
; o_SDA       ; i_SCL      ; 5.191 ; 5.166 ; Rise       ; i_SCL           ;
+-------------+------------+-------+-------+------------+-----------------+


+-------------------------------------------------------------------------+
; Minimum Clock to Output Times                                           ;
+-------------+------------+-------+-------+------------+-----------------+
; Data Port   ; Clock Port ; Rise  ; Fall  ; Clock Edge ; Clock Reference ;
+-------------+------------+-------+-------+------------+-----------------+
; o_CTRL_STOP ; i_SCL      ; 3.107 ; 3.129 ; Rise       ; i_SCL           ;
; o_SDA       ; i_SCL      ; 3.030 ; 3.060 ; Rise       ; i_SCL           ;
+-------------+------------+-------+-------+------------+-----------------+


+------------------------------------------------------------------------------------------------------------------------------------------------------------------------------------------------------------------------------------------------------------------------------------------------------------------------------------------------------------------------------------------------------------------+
; Board Trace Model Assignments                                                                                                                                                                                                                                                                                                                                                                                    ;
+---------------+--------------+-------------------+-------------------------+-------------------------+---------------+---------------------+----------------+------------------+--------+------------------+------------------------+------------------------+--------------+---------------+-----------------+-------+---------------------+--------------------+---------------+-----------------+-------------+
; Pin           ; I/O Standard ; Near Tline Length ; Near Tline L per Length ; Near Tline C per Length ; Near Series R ; Near Differential R ; Near Pull-up R ; Near Pull-down R ; Near C ; Far Tline Length ; Far Tline L per Length ; Far Tline C per Length ; Far Series R ; Far Pull-up R ; Far Pull-down R ; Far C ; Termination Voltage ; Far Differential R ; EBD File Name ; EBD Signal Name ; EBD Far-end ;
+---------------+--------------+-------------------+-------------------------+-------------------------+---------------+---------------------+----------------+------------------+--------+------------------+------------------------+------------------------+--------------+---------------+-----------------+-------+---------------------+--------------------+---------------+-----------------+-------------+
; o_CTRL_STOP   ; 2.5 V        ; 0 in              ; 0 H/in                  ; 0 F/in                  ; short         ; -                   ; open           ; open             ; open   ; 0 in             ; 0 H/in                 ; 0 F/in                 ; short        ; open          ; open            ; open  ; 0 V                 ; -                  ; n/a           ; n/a             ; n/a         ;
; o_SDA         ; 2.5 V        ; 0 in              ; 0 H/in                  ; 0 F/in                  ; short         ; -                   ; open           ; open             ; open   ; 0 in             ; 0 H/in                 ; 0 F/in                 ; short        ; open          ; open            ; open  ; 0 V                 ; -                  ; n/a           ; n/a             ; n/a         ;
; ~ALTERA_DCLK~ ; 2.5 V        ; 0 in              ; 0 H/in                  ; 0 F/in                  ; short         ; -                   ; open           ; open             ; open   ; 0 in             ; 0 H/in                 ; 0 F/in                 ; short        ; open          ; open            ; open  ; 0 V                 ; -                  ; n/a           ; n/a             ; n/a         ;
; ~ALTERA_nCEO~ ; 2.5 V        ; 0 in              ; 0 H/in                  ; 0 F/in                  ; short         ; -                   ; open           ; open             ; open   ; 0 in             ; 0 H/in                 ; 0 F/in                 ; short        ; open          ; open            ; open  ; 0 V                 ; -                  ; n/a           ; n/a             ; n/a         ;
+---------------+--------------+-------------------+-------------------------+-------------------------+---------------+---------------------+----------------+------------------+--------+------------------+------------------------+------------------------+--------------+---------------+-----------------+-------+---------------------+--------------------+---------------+-----------------+-------------+


+----------------------------------------------------------------------------+
; Input Transition Times                                                     ;
+-------------------------+--------------+-----------------+-----------------+
; Pin                     ; I/O Standard ; 10-90 Rise Time ; 90-10 Fall Time ;
+-------------------------+--------------+-----------------+-----------------+
; i_SCL                   ; 2.5 V        ; 2000 ps         ; 2000 ps         ;
; i_RST                   ; 2.5 V        ; 2000 ps         ; 2000 ps         ;
; i_ENABLE_STOP           ; 2.5 V        ; 2000 ps         ; 2000 ps         ;
; ~ALTERA_ASDO_DATA1~     ; 2.5 V        ; 2000 ps         ; 2000 ps         ;
; ~ALTERA_FLASH_nCE_nCSO~ ; 2.5 V        ; 2000 ps         ; 2000 ps         ;
; ~ALTERA_DATA0~          ; 2.5 V        ; 2000 ps         ; 2000 ps         ;
+-------------------------+--------------+-----------------+-----------------+


+--------------------------------------------------------------------------------------------------------------------------------------------------------------------------------------------------------------------------------------------------------------------------------------------------------------------------------------------------------------------------------------------------------------------------------------------------------------------------------------------------------------------------------------------------------------------------------------------------------------------------------------------------------------------------------------------+
; Slow Corner Signal Integrity Metrics                                                                                                                                                                                                                                                                                                                                                                                                                                                                                                                                                                                                                                                       ;
+---------------+--------------+---------------------+---------------------+------------------------------+------------------------------+---------------------+---------------------+--------------------------------------+--------------------------------------+-----------------------------+-----------------------------+----------------------------+----------------------------+-----------------------------+-----------------------------+--------------------+--------------------+-------------------------------------+-------------------------------------+----------------------------+----------------------------+---------------------------+---------------------------+
; Pin           ; I/O Standard ; Board Delay on Rise ; Board Delay on Fall ; Steady State Voh at FPGA Pin ; Steady State Vol at FPGA Pin ; Voh Max at FPGA Pin ; Vol Min at FPGA Pin ; Ringback Voltage on Rise at FPGA Pin ; Ringback Voltage on Fall at FPGA Pin ; 10-90 Rise Time at FPGA Pin ; 90-10 Fall Time at FPGA Pin ; Monotonic Rise at FPGA Pin ; Monotonic Fall at FPGA Pin ; Steady State Voh at Far-end ; Steady State Vol at Far-end ; Voh Max at Far-end ; Vol Min at Far-end ; Ringback Voltage on Rise at Far-end ; Ringback Voltage on Fall at Far-end ; 10-90 Rise Time at Far-end ; 90-10 Fall Time at Far-end ; Monotonic Rise at Far-end ; Monotonic Fall at Far-end ;
+---------------+--------------+---------------------+---------------------+------------------------------+------------------------------+---------------------+---------------------+--------------------------------------+--------------------------------------+-----------------------------+-----------------------------+----------------------------+----------------------------+-----------------------------+-----------------------------+--------------------+--------------------+-------------------------------------+-------------------------------------+----------------------------+----------------------------+---------------------------+---------------------------+
; o_CTRL_STOP   ; 2.5 V        ; 0 s                 ; 0 s                 ; 2.32 V                       ; 7.25e-07 V                   ; 2.35 V              ; -0.0111 V           ; 0.113 V                              ; 0.035 V                              ; 7.76e-10 s                  ; 8.04e-10 s                  ; Yes                        ; Yes                        ; 2.32 V                      ; 7.25e-07 V                  ; 2.35 V             ; -0.0111 V          ; 0.113 V                             ; 0.035 V                             ; 7.76e-10 s                 ; 8.04e-10 s                 ; Yes                       ; Yes                       ;
; o_SDA         ; 2.5 V        ; 0 s                 ; 0 s                 ; 2.32 V                       ; 1.08e-06 V                   ; 2.36 V              ; -0.0113 V           ; 0.122 V                              ; 0.022 V                              ; 4.5e-10 s                   ; 4.45e-10 s                  ; Yes                        ; Yes                        ; 2.32 V                      ; 1.08e-06 V                  ; 2.36 V             ; -0.0113 V          ; 0.122 V                             ; 0.022 V                             ; 4.5e-10 s                  ; 4.45e-10 s                 ; Yes                       ; Yes                       ;
; ~ALTERA_DCLK~ ; 2.5 V        ; 0 s                 ; 0 s                 ; 2.32 V                       ; 5.68e-07 V                   ; 2.35 V              ; -0.0132 V           ; 0.2 V                                ; 0.027 V                              ; 5.26e-10 s                  ; 4.81e-10 s                  ; Yes                        ; Yes                        ; 2.32 V                      ; 5.68e-07 V                  ; 2.35 V             ; -0.0132 V          ; 0.2 V                               ; 0.027 V                             ; 5.26e-10 s                 ; 4.81e-10 s                 ; Yes                       ; Yes                       ;
; ~ALTERA_nCEO~ ; 2.5 V        ; 0 s                 ; 0 s                 ; 2.32 V                       ; 9.36e-07 V                   ; 2.35 V              ; -0.00444 V          ; 0.18 V                               ; 0.019 V                              ; 7.23e-10 s                  ; 9.82e-10 s                  ; Yes                        ; Yes                        ; 2.32 V                      ; 9.36e-07 V                  ; 2.35 V             ; -0.00444 V         ; 0.18 V                              ; 0.019 V                             ; 7.23e-10 s                 ; 9.82e-10 s                 ; Yes                       ; Yes                       ;
+---------------+--------------+---------------------+---------------------+------------------------------+------------------------------+---------------------+---------------------+--------------------------------------+--------------------------------------+-----------------------------+-----------------------------+----------------------------+----------------------------+-----------------------------+-----------------------------+--------------------+--------------------+-------------------------------------+-------------------------------------+----------------------------+----------------------------+---------------------------+---------------------------+


+--------------------------------------------------------------------------------------------------------------------------------------------------------------------------------------------------------------------------------------------------------------------------------------------------------------------------------------------------------------------------------------------------------------------------------------------------------------------------------------------------------------------------------------------------------------------------------------------------------------------------------------------------------------------------------------------+
; Fast Corner Signal Integrity Metrics                                                                                                                                                                                                                                                                                                                                                                                                                                                                                                                                                                                                                                                       ;
+---------------+--------------+---------------------+---------------------+------------------------------+------------------------------+---------------------+---------------------+--------------------------------------+--------------------------------------+-----------------------------+-----------------------------+----------------------------+----------------------------+-----------------------------+-----------------------------+--------------------+--------------------+-------------------------------------+-------------------------------------+----------------------------+----------------------------+---------------------------+---------------------------+
; Pin           ; I/O Standard ; Board Delay on Rise ; Board Delay on Fall ; Steady State Voh at FPGA Pin ; Steady State Vol at FPGA Pin ; Voh Max at FPGA Pin ; Vol Min at FPGA Pin ; Ringback Voltage on Rise at FPGA Pin ; Ringback Voltage on Fall at FPGA Pin ; 10-90 Rise Time at FPGA Pin ; 90-10 Fall Time at FPGA Pin ; Monotonic Rise at FPGA Pin ; Monotonic Fall at FPGA Pin ; Steady State Voh at Far-end ; Steady State Vol at Far-end ; Voh Max at Far-end ; Vol Min at Far-end ; Ringback Voltage on Rise at Far-end ; Ringback Voltage on Fall at Far-end ; 10-90 Rise Time at Far-end ; 90-10 Fall Time at Far-end ; Monotonic Rise at Far-end ; Monotonic Fall at Far-end ;
+---------------+--------------+---------------------+---------------------+------------------------------+------------------------------+---------------------+---------------------+--------------------------------------+--------------------------------------+-----------------------------+-----------------------------+----------------------------+----------------------------+-----------------------------+-----------------------------+--------------------+--------------------+-------------------------------------+-------------------------------------+----------------------------+----------------------------+---------------------------+---------------------------+
; o_CTRL_STOP   ; 2.5 V        ; 0 s                 ; 0 s                 ; 2.62 V                       ; 2.78e-08 V                   ; 2.71 V              ; -0.0349 V           ; 0.253 V                              ; 0.069 V                              ; 4.96e-10 s                  ; 5.19e-10 s                  ; No                         ; Yes                        ; 2.62 V                      ; 2.78e-08 V                  ; 2.71 V             ; -0.0349 V          ; 0.253 V                             ; 0.069 V                             ; 4.96e-10 s                 ; 5.19e-10 s                 ; No                        ; Yes                       ;
; o_SDA         ; 2.5 V        ; 0 s                 ; 0 s                 ; 2.62 V                       ; 4.11e-08 V                   ; 2.73 V              ; -0.0566 V           ; 0.191 V                              ; 0.12 V                               ; 2.69e-10 s                  ; 2.76e-10 s                  ; Yes                        ; Yes                        ; 2.62 V                      ; 4.11e-08 V                  ; 2.73 V             ; -0.0566 V          ; 0.191 V                             ; 0.12 V                              ; 2.69e-10 s                 ; 2.76e-10 s                 ; Yes                       ; Yes                       ;
; ~ALTERA_DCLK~ ; 2.5 V        ; 0 s                 ; 0 s                 ; 2.62 V                       ; 2.22e-08 V                   ; 2.72 V              ; -0.0747 V           ; 0.28 V                               ; 0.169 V                              ; 3.1e-10 s                   ; 3.01e-10 s                  ; No                         ; Yes                        ; 2.62 V                      ; 2.22e-08 V                  ; 2.72 V             ; -0.0747 V          ; 0.28 V                              ; 0.169 V                             ; 3.1e-10 s                  ; 3.01e-10 s                 ; No                        ; Yes                       ;
; ~ALTERA_nCEO~ ; 2.5 V        ; 0 s                 ; 0 s                 ; 2.62 V                       ; 3.53e-08 V                   ; 2.7 V               ; -0.0212 V           ; 0.204 V                              ; 0.049 V                              ; 4.85e-10 s                  ; 6.73e-10 s                  ; No                         ; Yes                        ; 2.62 V                      ; 3.53e-08 V                  ; 2.7 V              ; -0.0212 V          ; 0.204 V                             ; 0.049 V                             ; 4.85e-10 s                 ; 6.73e-10 s                 ; No                        ; Yes                       ;
+---------------+--------------+---------------------+---------------------+------------------------------+------------------------------+---------------------+---------------------+--------------------------------------+--------------------------------------+-----------------------------+-----------------------------+----------------------------+----------------------------+-----------------------------+-----------------------------+--------------------+--------------------+-------------------------------------+-------------------------------------+----------------------------+----------------------------+---------------------------+---------------------------+


-------------------
; Clock Transfers ;
-------------------
Nothing to report.


---------------
; Report TCCS ;
---------------
No dedicated SERDES Transmitter circuitry present in device or used in design


---------------
; Report RSKM ;
---------------
No non-DPA dedicated SERDES Receiver circuitry present in device or used in design


+------------------------------------------------+
; Unconstrained Paths                            ;
+---------------------------------+-------+------+
; Property                        ; Setup ; Hold ;
+---------------------------------+-------+------+
; Illegal Clocks                  ; 0     ; 0    ;
; Unconstrained Clocks            ; 0     ; 0    ;
; Unconstrained Input Ports       ; 2     ; 2    ;
; Unconstrained Input Port Paths  ; 6     ; 6    ;
; Unconstrained Output Ports      ; 2     ; 2    ;
; Unconstrained Output Port Paths ; 3     ; 3    ;
+---------------------------------+-------+------+


+------------------------------------+
; TimeQuest Timing Analyzer Messages ;
+------------------------------------+
Info: *******************************************************************
Info: Running Quartus II 64-Bit TimeQuest Timing Analyzer
    Info: Version 13.1.0 Build 162 10/23/2013 SJ Web Edition
    Info: Processing started: Mon Dec 03 04:54:00 2018
Info: Command: quartus_sta STOP_FRAME -c STOP_FRAME
Info: qsta_default_script.tcl version: #1
Info (11104): Parallel Compilation has detected 8 hyper-threaded processors. However, the extra hyper-threaded processors will not be used by default. Parallel Compilation will use 4 of the 4 physical processors detected instead.
Info (21077): Core supply voltage is 1.2V
Info (21077): Low junction temperature is 0 degrees C
Info (21077): High junction temperature is 85 degrees C
Critical Warning (332012): Synopsys Design Constraints File file not found: 'STOP_FRAME.sdc'. A Synopsys Design Constraints File is required by the TimeQuest Timing Analyzer to get proper timing constraints. Without it, the Compiler will not properly optimize the design.
Info (332142): No user constrained base clocks found in the design. Calling "derive_clocks -period 1.0"
Info (332105): Deriving Clocks
    Info (332105): create_clock -period 1.000 -name i_SCL i_SCL
Info (332143): No user constrained clock uncertainty found in the design. Calling "derive_clock_uncertainty"
Info (332154): The derive_clock_uncertainty command did not apply clock uncertainty to any clock-to-clock transfers.
Info: Found TIMEQUEST_REPORT_SCRIPT_INCLUDE_DEFAULT_ANALYSIS = ON
Info: Analyzing Slow 1200mV 85C Model
Info (332140): No fmax paths to report
Info (332140): No Setup paths to report
Info (332140): No Hold paths to report
Info (332140): No Recovery paths to report
Info (332140): No Removal paths to report
Critical Warning (332148): Timing requirements not met
    Info (11105): For recommendations on closing timing, run Report Timing Closure Recommendations in the TimeQuest Timing Analyzer.
Info (332146): Worst-case minimum pulse width slack is -3.000
    Info (332119):     Slack       End Point TNS Clock 
    Info (332119): ========= =================== =====================
    Info (332119):    -3.000              -6.000 i_SCL 
Info: Analyzing Slow 1200mV 0C Model
Info (334003): Started post-fitting delay annotation
Info (334004): Delay annotation completed successfully
Info (332154): The derive_clock_uncertainty command did not apply clock uncertainty to any clock-to-clock transfers.
Info (332140): No fmax paths to report
Info (332140): No Setup paths to report
Info (332140): No Hold paths to report
Info (332140): No Recovery paths to report
Info (332140): No Removal paths to report
Critical Warning (332148): Timing requirements not met
    Info (11105): For recommendations on closing timing, run Report Timing Closure Recommendations in the TimeQuest Timing Analyzer.
Info (332146): Worst-case minimum pulse width slack is -3.000
    Info (332119):     Slack       End Point TNS Clock 
    Info (332119): ========= =================== =====================
    Info (332119):    -3.000              -6.000 i_SCL 
Info: Analyzing Fast 1200mV 0C Model
Info (332154): The derive_clock_uncertainty command did not apply clock uncertainty to any clock-to-clock transfers.
Info (332140): No Setup paths to report
Info (332140): No Hold paths to report
Info (332140): No Recovery paths to report
Info (332140): No Removal paths to report
Critical Warning (332148): Timing requirements not met
    Info (11105): For recommendations on closing timing, run Report Timing Closure Recommendations in the TimeQuest Timing Analyzer.
Info (332146): Worst-case minimum pulse width slack is -3.000
    Info (332119):     Slack       End Point TNS Clock 
    Info (332119): ========= =================== =====================
    Info (332119):    -3.000              -6.168 i_SCL 
Info (332102): Design is not fully constrained for setup requirements
Info (332102): Design is not fully constrained for hold requirements
Info: Quartus II 64-Bit TimeQuest Timing Analyzer was successful. 0 errors, 4 warnings
    Info: Peak virtual memory: 4699 megabytes
    Info: Processing ended: Mon Dec 03 04:54:02 2018
    Info: Elapsed time: 00:00:02
    Info: Total CPU time (on all processors): 00:00:02


