Analysis & Synthesis report for P2S
Mon Dec 03 04:34:39 2018
Quartus II 64-Bit Version 13.1.0 Build 162 10/23/2013 SJ Web Edition


---------------------
; Table of Contents ;
---------------------
  1. Legal Notice
  2. Analysis & Synthesis Summary
  3. Analysis & Synthesis Settings
  4. Parallel Compilation
  5. Analysis & Synthesis Source Files Read
  6. Analysis & Synthesis Resource Usage Summary
  7. Analysis & Synthesis Resource Utilization by Entity
  8. Registers Removed During Synthesis
  9. General Register Statistics
 10. Elapsed Time Per Partition
 11. Analysis & Synthesis Messages



----------------
; Legal Notice ;
----------------
Copyright (C) 1991-2013 Altera Corporation
Your use of Altera Corporation's design tools, logic functions 
and other software and tools, and its AMPP partner logic 
functions, and any output files from any of the foregoing 
(including device programming or simulation files), and any 
associated documentation or information are expressly subject 
to the terms and conditions of the Altera Program License 
Subscription Agreement, Altera MegaCore Function License 
Agreement, or other applicable license agreement, including, 
without limitation, that your use is for the sole purpose of 
programming logic devices manufactured by Altera and sold by 
Altera or its authorized distributors.  Please refer to the 
applicable agreement for further details.



+---------------------------------------------------------------------------------+
; Analysis & Synthesis Summary                                                    ;
+------------------------------------+--------------------------------------------+
; Analysis & Synthesis Status        ; Successful - Mon Dec 03 04:34:39 2018      ;
; Quartus II 64-Bit Version          ; 13.1.0 Build 162 10/23/2013 SJ Web Edition ;
; Revision Name                      ; P2S                                        ;
; Top-level Entity Name              ; P2S                                        ;
; Family                             ; Cyclone III                                ;
; Total logic elements               ; 139                                        ;
;     Total combinational functions  ; 138                                        ;
;     Dedicated logic registers      ; 50                                         ;
; Total registers                    ; 50                                         ;
; Total pins                         ; 21                                         ;
; Total virtual pins                 ; 0                                          ;
; Total memory bits                  ; 0                                          ;
; Embedded Multiplier 9-bit elements ; 0                                          ;
; Total PLLs                         ; 0                                          ;
+------------------------------------+--------------------------------------------+


+----------------------------------------------------------------------------------------------------------------------+
; Analysis & Synthesis Settings                                                                                        ;
+----------------------------------------------------------------------------+--------------------+--------------------+
; Option                                                                     ; Setting            ; Default Value      ;
+----------------------------------------------------------------------------+--------------------+--------------------+
; Device                                                                     ; EP3C16U484C6       ;                    ;
; Top-level entity name                                                      ; P2S                ; P2S                ;
; Family name                                                                ; Cyclone III        ; Cyclone IV GX      ;
; Use smart compilation                                                      ; Off                ; Off                ;
; Enable parallel Assembler and TimeQuest Timing Analyzer during compilation ; On                 ; On                 ;
; Enable compact report table                                                ; Off                ; Off                ;
; Restructure Multiplexers                                                   ; Auto               ; Auto               ;
; Create Debugging Nodes for IP Cores                                        ; Off                ; Off                ;
; Preserve fewer node names                                                  ; On                 ; On                 ;
; Disable OpenCore Plus hardware evaluation                                  ; Off                ; Off                ;
; Verilog Version                                                            ; Verilog_2001       ; Verilog_2001       ;
; VHDL Version                                                               ; VHDL_1993          ; VHDL_1993          ;
; State Machine Processing                                                   ; Auto               ; Auto               ;
; Safe State Machine                                                         ; Off                ; Off                ;
; Extract Verilog State Machines                                             ; On                 ; On                 ;
; Extract VHDL State Machines                                                ; On                 ; On                 ;
; Ignore Verilog initial constructs                                          ; Off                ; Off                ;
; Iteration limit for constant Verilog loops                                 ; 5000               ; 5000               ;
; Iteration limit for non-constant Verilog loops                             ; 250                ; 250                ;
; Add Pass-Through Logic to Inferred RAMs                                    ; On                 ; On                 ;
; Infer RAMs from Raw Logic                                                  ; On                 ; On                 ;
; Parallel Synthesis                                                         ; On                 ; On                 ;
; DSP Block Balancing                                                        ; Auto               ; Auto               ;
; NOT Gate Push-Back                                                         ; On                 ; On                 ;
; Power-Up Don't Care                                                        ; On                 ; On                 ;
; Remove Redundant Logic Cells                                               ; Off                ; Off                ;
; Remove Duplicate Registers                                                 ; On                 ; On                 ;
; Ignore CARRY Buffers                                                       ; Off                ; Off                ;
; Ignore CASCADE Buffers                                                     ; Off                ; Off                ;
; Ignore GLOBAL Buffers                                                      ; Off                ; Off                ;
; Ignore ROW GLOBAL Buffers                                                  ; Off                ; Off                ;
; Ignore LCELL Buffers                                                       ; Off                ; Off                ;
; Ignore SOFT Buffers                                                        ; On                 ; On                 ;
; Limit AHDL Integers to 32 Bits                                             ; Off                ; Off                ;
; Optimization Technique                                                     ; Balanced           ; Balanced           ;
; Carry Chain Length                                                         ; 70                 ; 70                 ;
; Auto Carry Chains                                                          ; On                 ; On                 ;
; Auto Open-Drain Pins                                                       ; On                 ; On                 ;
; Perform WYSIWYG Primitive Resynthesis                                      ; Off                ; Off                ;
; Auto ROM Replacement                                                       ; On                 ; On                 ;
; Auto RAM Replacement                                                       ; On                 ; On                 ;
; Auto DSP Block Replacement                                                 ; On                 ; On                 ;
; Auto Shift Register Replacement                                            ; Auto               ; Auto               ;
; Allow Shift Register Merging across Hierarchies                            ; Auto               ; Auto               ;
; Auto Clock Enable Replacement                                              ; On                 ; On                 ;
; Strict RAM Replacement                                                     ; Off                ; Off                ;
; Allow Synchronous Control Signals                                          ; On                 ; On                 ;
; Force Use of Synchronous Clear Signals                                     ; Off                ; Off                ;
; Auto RAM Block Balancing                                                   ; On                 ; On                 ;
; Auto RAM to Logic Cell Conversion                                          ; Off                ; Off                ;
; Auto Resource Sharing                                                      ; Off                ; Off                ;
; Allow Any RAM Size For Recognition                                         ; Off                ; Off                ;
; Allow Any ROM Size For Recognition                                         ; Off                ; Off                ;
; Allow Any Shift Register Size For Recognition                              ; Off                ; Off                ;
; Use LogicLock Constraints during Resource Balancing                        ; On                 ; On                 ;
; Ignore translate_off and synthesis_off directives                          ; Off                ; Off                ;
; Timing-Driven Synthesis                                                    ; On                 ; On                 ;
; Report Parameter Settings                                                  ; On                 ; On                 ;
; Report Source Assignments                                                  ; On                 ; On                 ;
; Report Connectivity Checks                                                 ; On                 ; On                 ;
; Ignore Maximum Fan-Out Assignments                                         ; Off                ; Off                ;
; Synchronization Register Chain Length                                      ; 2                  ; 2                  ;
; PowerPlay Power Optimization                                               ; Normal compilation ; Normal compilation ;
; HDL message level                                                          ; Level2             ; Level2             ;
; Suppress Register Optimization Related Messages                            ; Off                ; Off                ;
; Number of Removed Registers Reported in Synthesis Report                   ; 5000               ; 5000               ;
; Number of Swept Nodes Reported in Synthesis Report                         ; 5000               ; 5000               ;
; Number of Inverted Registers Reported in Synthesis Report                  ; 100                ; 100                ;
; Clock MUX Protection                                                       ; On                 ; On                 ;
; Auto Gated Clock Conversion                                                ; Off                ; Off                ;
; Block Design Naming                                                        ; Auto               ; Auto               ;
; SDC constraint protection                                                  ; Off                ; Off                ;
; Synthesis Effort                                                           ; Auto               ; Auto               ;
; Shift Register Replacement - Allow Asynchronous Clear Signal               ; On                 ; On                 ;
; Pre-Mapping Resynthesis Optimization                                       ; Off                ; Off                ;
; Analysis & Synthesis Message Level                                         ; Medium             ; Medium             ;
; Disable Register Merging Across Hierarchies                                ; Auto               ; Auto               ;
; Resource Aware Inference For Block RAM                                     ; On                 ; On                 ;
; Synthesis Seed                                                             ; 1                  ; 1                  ;
+----------------------------------------------------------------------------+--------------------+--------------------+


+------------------------------------------+
; Parallel Compilation                     ;
+----------------------------+-------------+
; Processors                 ; Number      ;
+----------------------------+-------------+
; Number detected on machine ; 8           ;
; Maximum allowed            ; 4           ;
;                            ;             ;
; Average used               ; 1.00        ;
; Maximum used               ; 1           ;
;                            ;             ;
; Usage by Processor         ; % Time Used ;
;     Processor 1            ; 100.0%      ;
;     Processors 2-8         ;   0.0%      ;
+----------------------------+-------------+


+---------------------------------------------------------------------------------------------------------------------------+
; Analysis & Synthesis Source Files Read                                                                                    ;
+----------------------------------+-----------------+-----------------+------------------------------------------+---------+
; File Name with User-Entered Path ; Used in Netlist ; File Type       ; File Name with Absolute Path             ; Library ;
+----------------------------------+-----------------+-----------------+------------------------------------------+---------+
; P2S.vhd                          ; yes             ; User VHDL File  ; D:/VHDL/T8/IN WORKING/MASTER/P2S/P2S.vhd ;         ;
+----------------------------------+-----------------+-----------------+------------------------------------------+---------+


+------------------------------------------------------------+
; Analysis & Synthesis Resource Usage Summary                ;
+---------------------------------------------+--------------+
; Resource                                    ; Usage        ;
+---------------------------------------------+--------------+
; Estimated Total logic elements              ; 139          ;
;                                             ;              ;
; Total combinational functions               ; 138          ;
; Logic element usage by number of LUT inputs ;              ;
;     -- 4 input functions                    ; 37           ;
;     -- 3 input functions                    ; 20           ;
;     -- <=2 input functions                  ; 81           ;
;                                             ;              ;
; Logic elements by mode                      ;              ;
;     -- normal mode                          ; 107          ;
;     -- arithmetic mode                      ; 31           ;
;                                             ;              ;
; Total registers                             ; 50           ;
;     -- Dedicated logic registers            ; 50           ;
;     -- I/O registers                        ; 0            ;
;                                             ;              ;
; I/O pins                                    ; 21           ;
; Embedded Multiplier 9-bit elements          ; 0            ;
; Maximum fan-out node                        ; process_0~10 ;
; Maximum fan-out                             ; 50           ;
; Total fan-out                               ; 545          ;
; Average fan-out                             ; 2.37         ;
+---------------------------------------------+--------------+


+-----------------------------------------------------------------------------------------------------------------------------------------------------------------------------+
; Analysis & Synthesis Resource Utilization by Entity                                                                                                                         ;
+----------------------------+-------------------+--------------+-------------+--------------+---------+-----------+------+--------------+---------------------+--------------+
; Compilation Hierarchy Node ; LC Combinationals ; LC Registers ; Memory Bits ; DSP Elements ; DSP 9x9 ; DSP 18x18 ; Pins ; Virtual Pins ; Full Hierarchy Name ; Library Name ;
+----------------------------+-------------------+--------------+-------------+--------------+---------+-----------+------+--------------+---------------------+--------------+
; |P2S                       ; 138 (138)         ; 50 (50)      ; 0           ; 0            ; 0       ; 0         ; 21   ; 0            ; |P2S                ; work         ;
+----------------------------+-------------------+--------------+-------------+--------------+---------+-----------+------+--------------+---------------------+--------------+
Note: For table entries with two numbers listed, the numbers in parentheses indicate the number of resources of the given type used by the specific entity alone. The numbers listed outside of parentheses indicate the total resources of the given type used by the specific entity and all of its sub-entities in the hierarchy.


+---------------------------------------------------------------------------------+
; Registers Removed During Synthesis                                              ;
+----------------------------------------+----------------------------------------+
; Register name                          ; Reason for Removal                     ;
+----------------------------------------+----------------------------------------+
; w_REG[0]~en                            ; Stuck at GND due to stuck port data_in ;
; w_REG[1]~en                            ; Lost fanout                            ;
; w_REG[2]~en                            ; Lost fanout                            ;
; w_REG[3]~en                            ; Lost fanout                            ;
; w_REG[4]~en                            ; Lost fanout                            ;
; w_REG[5]~en                            ; Lost fanout                            ;
; w_REG[6]~en                            ; Lost fanout                            ;
; w_REG[7]~en                            ; Lost fanout                            ;
; w_REG[8]~en                            ; Lost fanout                            ;
; w_REG[9]~en                            ; Lost fanout                            ;
; w_REG[10]~en                           ; Lost fanout                            ;
; w_REG[11]~en                           ; Lost fanout                            ;
; w_REG[12]~en                           ; Lost fanout                            ;
; w_REG[13]~en                           ; Lost fanout                            ;
; w_REG[14]~en                           ; Lost fanout                            ;
; w_REG[15]~en                           ; Lost fanout                            ;
; w_REG[0]                               ; Stuck at GND due to stuck port data_in ;
; Total Number of Removed Registers = 17 ;                                        ;
+----------------------------------------+----------------------------------------+


+------------------------------------------------------+
; General Register Statistics                          ;
+----------------------------------------------+-------+
; Statistic                                    ; Value ;
+----------------------------------------------+-------+
; Total registers                              ; 50    ;
; Number of registers using Synchronous Clear  ; 1     ;
; Number of registers using Synchronous Load   ; 0     ;
; Number of registers using Asynchronous Clear ; 50    ;
; Number of registers using Asynchronous Load  ; 0     ;
; Number of registers using Clock Enable       ; 1     ;
; Number of registers using Preset             ; 0     ;
+----------------------------------------------+-------+


+-------------------------------+
; Elapsed Time Per Partition    ;
+----------------+--------------+
; Partition Name ; Elapsed Time ;
+----------------+--------------+
; Top            ; 00:00:00     ;
+----------------+--------------+


+-------------------------------+
; Analysis & Synthesis Messages ;
+-------------------------------+
Info: *******************************************************************
Info: Running Quartus II 64-Bit Analysis & Synthesis
    Info: Version 13.1.0 Build 162 10/23/2013 SJ Web Edition
    Info: Processing started: Mon Dec 03 04:34:36 2018
Info: Command: quartus_map --read_settings_files=on --write_settings_files=off P2S -c P2S
Info (11104): Parallel Compilation has detected 8 hyper-threaded processors. However, the extra hyper-threaded processors will not be used by default. Parallel Compilation will use 4 of the 4 physical processors detected instead.
Info (12021): Found 2 design units, including 1 entities, in source file p2s.vhd
    Info (12022): Found design unit 1: P2S-behavioral
    Info (12023): Found entity 1: P2S
Info (12021): Found 2 design units, including 1 entities, in source file tb_p2s.vhd
    Info (12022): Found design unit 1: TB_P2S-behavioral
    Info (12023): Found entity 1: TB_P2S
Info (12127): Elaborating entity "P2S" for the top level hierarchy
Warning (10492): VHDL Process Statement warning at P2S.vhd(38): signal "i_DATA" is read inside the Process Statement but isn't in the Process Statement's sensitivity list
Warning (10492): VHDL Process Statement warning at P2S.vhd(39): signal "i_DATA" is read inside the Process Statement but isn't in the Process Statement's sensitivity list
Warning (13046): Tri-state node(s) do not directly drive top-level pin(s)
    Warning (13049): Converted tri-state buffer "w_REG[0]~0" feeding internal logic into a wire
    Warning (13049): Converted tri-state buffer "w_REG[1]~1" feeding internal logic into a wire
    Warning (13049): Converted tri-state buffer "w_REG[2]~2" feeding internal logic into a wire
    Warning (13049): Converted tri-state buffer "w_REG[3]~3" feeding internal logic into a wire
    Warning (13049): Converted tri-state buffer "w_REG[4]~4" feeding internal logic into a wire
    Warning (13049): Converted tri-state buffer "w_REG[5]~5" feeding internal logic into a wire
    Warning (13049): Converted tri-state buffer "w_REG[6]~6" feeding internal logic into a wire
    Warning (13049): Converted tri-state buffer "w_REG[7]~7" feeding internal logic into a wire
    Warning (13049): Converted tri-state buffer "w_REG[8]~8" feeding internal logic into a wire
    Warning (13049): Converted tri-state buffer "w_REG[9]~9" feeding internal logic into a wire
    Warning (13049): Converted tri-state buffer "w_REG[10]~10" feeding internal logic into a wire
    Warning (13049): Converted tri-state buffer "w_REG[11]~11" feeding internal logic into a wire
    Warning (13049): Converted tri-state buffer "w_REG[12]~12" feeding internal logic into a wire
    Warning (13049): Converted tri-state buffer "w_REG[13]~13" feeding internal logic into a wire
    Warning (13049): Converted tri-state buffer "w_REG[14]~14" feeding internal logic into a wire
    Warning (13049): Converted tri-state buffer "w_REG[15]~15" feeding internal logic into a wire
Warning (13004): Presettable and clearable registers converted to equivalent circuits with latches. Registers power-up to an undefined state, and DEVCLRn places the registers in an undefined state.
    Warning (13310): Register "cont[0]" is converted into an equivalent circuit using register "cont[0]~_emulated" and latch "cont[0]~1"
    Warning (13310): Register "o_SDA~reg0" is converted into an equivalent circuit using register "o_SDA~reg0_emulated" and latch "o_SDA~1"
    Warning (13310): Register "w_REG[15]" is converted into an equivalent circuit using register "w_REG[15]~_emulated" and latch "w_REG[15]~17"
    Warning (13310): Register "w_REG[14]" is converted into an equivalent circuit using register "w_REG[14]~_emulated" and latch "w_REG[14]~21"
    Warning (13310): Register "w_REG[13]" is converted into an equivalent circuit using register "w_REG[13]~_emulated" and latch "w_REG[13]~25"
    Warning (13310): Register "w_REG[12]" is converted into an equivalent circuit using register "w_REG[12]~_emulated" and latch "w_REG[12]~29"
    Warning (13310): Register "w_REG[11]" is converted into an equivalent circuit using register "w_REG[11]~_emulated" and latch "w_REG[11]~33"
    Warning (13310): Register "w_REG[10]" is converted into an equivalent circuit using register "w_REG[10]~_emulated" and latch "w_REG[10]~37"
    Warning (13310): Register "w_REG[9]" is converted into an equivalent circuit using register "w_REG[9]~_emulated" and latch "w_REG[9]~41"
    Warning (13310): Register "w_REG[8]" is converted into an equivalent circuit using register "w_REG[8]~_emulated" and latch "w_REG[8]~45"
    Warning (13310): Register "w_REG[7]" is converted into an equivalent circuit using register "w_REG[7]~_emulated" and latch "w_REG[7]~49"
    Warning (13310): Register "w_REG[6]" is converted into an equivalent circuit using register "w_REG[6]~_emulated" and latch "w_REG[6]~53"
    Warning (13310): Register "w_REG[5]" is converted into an equivalent circuit using register "w_REG[5]~_emulated" and latch "w_REG[5]~57"
    Warning (13310): Register "w_REG[4]" is converted into an equivalent circuit using register "w_REG[4]~_emulated" and latch "w_REG[4]~61"
    Warning (13310): Register "w_REG[3]" is converted into an equivalent circuit using register "w_REG[3]~_emulated" and latch "w_REG[3]~65"
    Warning (13310): Register "w_REG[2]" is converted into an equivalent circuit using register "w_REG[2]~_emulated" and latch "w_REG[2]~69"
    Warning (13310): Register "w_REG[1]" is converted into an equivalent circuit using register "w_REG[1]~_emulated" and latch "w_REG[1]~73"
Info (286030): Timing-Driven Synthesis is running
Info (17049): 15 registers lost all their fanouts during netlist optimizations.
Info (16010): Generating hard_block partition "hard_block:auto_generated_inst"
    Info (16011): Adding 0 node(s), including 0 DDIO, 0 PLL, 0 transceiver and 0 LCELL
Info (21057): Implemented 161 device resources after synthesis - the final resource count might be different
    Info (21058): Implemented 19 input pins
    Info (21059): Implemented 2 output pins
    Info (21061): Implemented 140 logic cells
Info: Quartus II 64-Bit Analysis & Synthesis was successful. 0 errors, 37 warnings
    Info: Peak virtual memory: 4705 megabytes
    Info: Processing ended: Mon Dec 03 04:34:39 2018
    Info: Elapsed time: 00:00:03
    Info: Total CPU time (on all processors): 00:00:02


